#
# A fatal error has been detected by the Java Runtime Environment:
#
#  SIGSEGV (0xb) at pc=0x00000001300ff011, pid=23037, tid=259
#
# JRE version: OpenJDK Runtime Environment (17.0.1+12) (build 17.0.1+12-39)
# Java VM: OpenJDK 64-Bit Server VM (17.0.1+12-39, mixed mode, sharing, tiered, compressed oops, compressed class ptrs, g1 gc, bsd-amd64)
# Problematic frame:
# C  [libglass.dylib+0xc011]  JNI_OnLoad+0xde1
#
# No core dump will be written. Core dumps have been disabled. To enable core dumping, try "ulimit -c unlimited" before starting Java again
#
# If you would like to submit a bug report, please visit:
#   https://bugreport.java.com/bugreport/crash.jsp
#

---------------  S U M M A R Y ------------

Command Line: --module-path=/Users/noephilippe/Documents/Développement/MyDigitalSchool/JAVA/javafx-sdk-19/lib --add-modules=javafx.controls,javafx.fxml -Dfile.encoding=UTF-8 -XX:+ShowCodeDetailsInExceptionMessages application.Main

Host: "MacBookPro17,1" x86_64 (EMULATED) 2400 MHz, 8 cores, 8G, Darwin 21.6.0, macOS 12.5 (21G72)
Time: Tue Oct  4 10:50:17 2022 CEST elapsed time: 3.950034 seconds (0d 0h 0m 3s)

---------------  T H R E A D  ---------------

Current thread is native thread

Stack: [0x000000030c6d3000,0x000000030ced3000],  sp=0x000000030cece700,  free space=8173k
Native frames: (J=compiled Java code, j=interpreted, Vv=VM code, C=native code)
C  [libglass.dylib+0xc011]  JNI_OnLoad+0xde1
C  [CoreFoundation+0x74954]  __CFNOTIFICATIONCENTER_IS_CALLING_OUT_TO_AN_OBSERVER__+0xc
C  [CoreFoundation+0x1112da]  ___CFXRegistrationPost_block_invoke+0x31
C  [CoreFoundation+0x11124c]  _CFXRegistrationPost+0x1f0
C  [CoreFoundation+0x46880]  _CFXNotificationPost+0x329
C  [Foundation+0x97ae]  -[NSNotificationCenter postNotificationName:object:userInfo:]+0x52
C  [AppKit+0x2b3eae]  -[NSApplication _doHideMaybeFakingIt:]+0x118
C  [AppKit+0x233fc0]  _hideShowHandler+0x8b
C  [HIToolbox+0x834d]  _ZL23DispatchEventToHandlersP14EventTargetRecP14OpaqueEventRefP14HandlerCallRec+0x555
C  [HIToolbox+0x779c]  _ZL30SendEventToEventTargetInternalP14OpaqueEventRefP20OpaqueEventTargetRefP14HandlerCallRec+0x14d
C  [HIToolbox+0x1c3a9]  SendEventToEventTarget+0x27
C  [AppKit+0x3f4ec]  _DPSNextEvent+0x8de
C  [AppKit+0x3d66a]  -[NSApplication(NSEvent) _nextEventMatchingEventMask:untilDate:inMode:dequeue:]+0x572
C  [AppKit+0x2fd19]  -[NSApplication run]+0x24a
C  [libosxapp.dylib+0x4339]  +[NSApplicationAWT runAWTLoopWithApp:]+0xa9
C  [libawt_lwawt.dylib+0x68800]  +[AWTStarter starter:headless:]+0x1f0
C  [libosxapp.dylib+0x600f]  +[ThreadUtilities invokeBlockCopy:]+0xf
C  [Foundation+0x814f7]  __NSThreadPerformPerform+0xb3
C  [CoreFoundation+0x7f37a]  __CFRUNLOOP_IS_CALLING_OUT_TO_A_SOURCE0_PERFORM_FUNCTION__+0x11
C  [CoreFoundation+0x7f2e2]  __CFRunLoopDoSource0+0xb4
C  [CoreFoundation+0x7f060]  __CFRunLoopDoSources0+0xf2
C  [CoreFoundation+0x7da70]  __CFRunLoopRun+0x37c
C  [CoreFoundation+0x7d034]  CFRunLoopRunSpecific+0x232
C  [libjli.dylib+0x70b2]  CreateExecutionEnvironment+0x182
C  [libjli.dylib+0x2c15]  JLI_Launch+0x585
C  [java+0x3c01]  main+0x191
C  0x000000020476352e


siginfo: si_signo: 11 (SIGSEGV), si_code: 1 (SEGV_MAPERR), si_addr: 0x0000000000000000

Registers:
RAX=0x0000600003050a80, RBX=0x0000000000000000, RCX=0x00007fd04900c088, RDX=0x011d800000000001
RSP=0x000000030cece700, RBP=0x000000030ceceb30, RSI=0x00007fd04900c000, RDI=0x00007fd04900c080
R8 =0x00001817b3ac0a80, R9 =0x0000000000001600, R10=0x00007ff85323a8e8, R11=0x00007ff812a9f468
R12=0x00007ff811b1c700, R13=0x00007fd01c017000, R14=0x00006000030e27f0, R15=0x0000600003050a80
RIP=0x00000001300ff011, EFLAGS=0x0000000000000206, ERR=0x0000000000000004
  TRAPNO=0x000000000000000e

Top of Stack: (sp=0x000000030cece700)
0x000000030cece700:   00000001300fefb5 00007ff811d44954
0x000000030cece710:   00007ff811de12da 00007ff811de124c
0x000000030cece720:   00007ff811d16880 00007ff812a8b7ae
0x000000030cece730:   00007ff814932eae 00007ff8148b2fc0
0x000000030cece740:   00007ff81ae4334d 00007ff81ae4279c
0x000000030cece750:   00007ff81ae573a9 00007ff8146be4ec
0x000000030cece760:   00007ff8146bc66a 00007ff8146aed19
0x000000030cece770:   00000001382d9339 00000001387a1800
0x000000030cece780:   00000001382db00f 00007ff812b034f7
0x000000030cece790:   00007ff811d4f37a 00007ff811d4f2e2
0x000000030cece7a0:   00007ff811d4f060 00007ff811d4da70
0x000000030cece7b0:   00007ff811d4d034 000000010cd140b2
0x000000030cece7c0:   000000010cd0fc15 00000001046c0c01
0x000000030cece7d0:   000000020476352e 000000020475e000
0x000000030cece7e0:   0000000000000000 0000000000000000
0x000000030cece7f0:   0000000000000000 0000000000000000
0x000000030cece800:   0000000000000000 0000000000000000
0x000000030cece810:   0000000000000000 0000000000000000
0x000000030cece820:   0000000000000000 0000000000000000
0x000000030cece830:   0000000000000000 0000000000000000
0x000000030cece840:   0000000000000000 0000000000000000
0x000000030cece850:   0000000000000000 0000000000000000
0x000000030cece860:   0000000000000000 0000000000000000
0x000000030cece870:   0000000000000000 0000000000000000
0x000000030cece880:   0000000000000000 0000000000000000
0x000000030cece890:   0000000000000000 0000000000000000
0x000000030cece8a0:   0000000000000000 0000000000000000
0x000000030cece8b0:   0000000000000000 0000000000000000
0x000000030cece8c0:   0000000000000000 0000000000000000
0x000000030cece8d0:   0000000000000000 0000000000000000
0x000000030cece8e0:   0000000000000000 0000000000000000
0x000000030cece8f0:   0000000000000000 0000000000000000 

Instructions: (pc=0x00000001300ff011)
0x00000001300fef11:   8b 05 01 c2 02 00 48 8b 00 48 3b 45 d0 75 12 48
0x00000001300fef21:   81 c4 08 04 00 00 5b 41 5c 41 5d 41 5e 41 5f 5d
0x00000001300fef31:   c3 e8 55 14 02 00 66 0f 1f 84 00 00 00 00 00 55
0x00000001300fef41:   48 89 e5 41 57 41 56 41 55 41 54 53 48 81 ec 08
0x00000001300fef51:   04 00 00 49 89 fe 48 8b 05 ba c1 02 00 48 8b 00
0x00000001300fef61:   48 89 45 d0 4c 8d 25 7c 55 03 00 49 8b 1c 24 48
0x00000001300fef71:   85 db 75 79 48 8b 05 a4 c1 02 00 48 8b 38 48 8d
0x00000001300fef81:   35 5a 68 02 00 48 8d 15 bb 72 02 00 48 8d 0d db
0x00000001300fef91:   70 02 00 41 b8 38 01 00 00 31 c0 e8 33 14 02 00
0x00000001300fefa1:   48 8d 9d d0 fb ff ff 48 89 df be 80 00 00 00 e8
0x00000001300fefb1:   ef 13 02 00 41 89 c7 48 89 df 89 c6 e8 e8 13 02
0x00000001300fefc1:   00 49 89 c5 45 85 ff 7e 18 45 89 ff 31 db 90 49
0x00000001300fefd1:   8b 7c dd 00 e8 9e 15 02 00 48 ff c3 49 39 df 75
0x00000001300fefe1:   ee 4c 89 ef e8 f6 13 02 00 49 8b 1c 24 48 8b 3d
0x00000001300feff1:   2b 45 03 00 e8 e2 14 02 00 48 8b 35 47 34 03 00
0x00000001300ff001:   4c 8b 25 60 c1 02 00 48 89 c7 41 ff d4 49 89 c7
0x00000001300ff011:   48 8b 03 4c 8b a8 e8 01 00 00 4d 8b 76 10 48 8b
0x00000001300ff021:   3d 32 45 03 00 48 8b 35 7b 38 03 00 41 ff d4 48
0x00000001300ff031:   89 df 4c 89 f6 48 89 c2 31 c0 41 ff d5 48 8b 35
0x00000001300ff041:   1b 34 03 00 4c 89 ff 41 ff d4 48 8b 03 48 89 df
0x00000001300ff051:   ff 50 78 48 85 c0 74 42 49 89 c6 48 8b 03 48 89
0x00000001300ff061:   df ff 90 88 00 00 00 4c 8b 03 48 8d 05 7e 54 03
0x00000001300ff071:   00 48 8b 30 48 8d 05 dc 55 03 00 48 8b 50 50 48
0x00000001300ff081:   89 df 4c 89 f1 31 c0 41 ff 90 68 04 00 00 48 8b
0x00000001300ff091:   03 48 89 df ff 90 88 00 00 00 48 8b 05 76 c0 02
0x00000001300ff0a1:   00 48 8b 00 48 3b 45 d0 75 12 48 81 c4 08 04 00
0x00000001300ff0b1:   00 5b 41 5c 41 5d 41 5e 41 5f 5d c3 e8 ca 12 02
0x00000001300ff0c1:   00 66 2e 0f 1f 84 00 00 00 00 00 0f 1f 40 00 55
0x00000001300ff0d1:   48 89 e5 41 57 41 56 41 55 41 54 53 48 81 ec 08
0x00000001300ff0e1:   04 00 00 49 89 fe 48 8b 05 2a c0 02 00 48 8b 00
0x00000001300ff0f1:   48 89 45 d0 4c 8d 25 ec 53 03 00 49 8b 1c 24 48
0x00000001300ff101:   85 db 75 79 48 8b 05 14 c0 02 00 48 8b 38 48 8d 



---------------  P R O C E S S  ---------------

VM state: not at safepoint (normal execution)

VM Mutex/Monitor currently owned by a thread: None

Heap address: 0x0000000780000000, size: 2048 MB, Compressed Oops mode: Zero based, Oop shift amount: 3

CDS archive(s) mapped at: [0x0000000800000000-0x0000000800bd4000-0x0000000800bd4000), size 12402688, SharedBaseAddress: 0x0000000800000000, ArchiveRelocationMode: 0.
Compressed class space mapped at: 0x0000000800c00000-0x0000000840c00000, reserved size: 1073741824
Narrow klass base: 0x0000000800000000, Narrow klass shift: 0, Narrow klass range: 0x100000000

GC Precious Log:
<Skipped>

Heap:
 garbage-first heap   total 133120K, used 14027K [0x0000000780000000, 0x0000000800000000)
  region size 1024K, 13 young (13312K), 3 survivors (3072K)
 Metaspace       used 9073K, committed 9280K, reserved 1064960K
  class space    used 1200K, committed 1344K, reserved 1048576K

Heap Regions: E=young(eden), S=young(survivor), O=old, HS=humongous(starts), HC=humongous(continues), CS=collection set, F=free, OA=open archive, CA=closed archive, TAMS=top-at-mark-start (previous, next)
|   0|0x0000000780000000, 0x000000078003d600, 0x0000000780100000| 23%| O|  |TAMS 0x0000000780000000, 0x0000000780000000| Untracked 
|   1|0x0000000780100000, 0x0000000780100000, 0x0000000780200000|  0%| F|  |TAMS 0x0000000780100000, 0x0000000780100000| Untracked 
|   2|0x0000000780200000, 0x0000000780200000, 0x0000000780300000|  0%| F|  |TAMS 0x0000000780200000, 0x0000000780200000| Untracked 
|   3|0x0000000780300000, 0x0000000780300000, 0x0000000780400000|  0%| F|  |TAMS 0x0000000780300000, 0x0000000780300000| Untracked 
|   4|0x0000000780400000, 0x0000000780400000, 0x0000000780500000|  0%| F|  |TAMS 0x0000000780400000, 0x0000000780400000| Untracked 
|   5|0x0000000780500000, 0x0000000780500000, 0x0000000780600000|  0%| F|  |TAMS 0x0000000780500000, 0x0000000780500000| Untracked 
|   6|0x0000000780600000, 0x0000000780600000, 0x0000000780700000|  0%| F|  |TAMS 0x0000000780600000, 0x0000000780600000| Untracked 
|   7|0x0000000780700000, 0x0000000780700000, 0x0000000780800000|  0%| F|  |TAMS 0x0000000780700000, 0x0000000780700000| Untracked 
|   8|0x0000000780800000, 0x0000000780800000, 0x0000000780900000|  0%| F|  |TAMS 0x0000000780800000, 0x0000000780800000| Untracked 
|   9|0x0000000780900000, 0x0000000780900000, 0x0000000780a00000|  0%| F|  |TAMS 0x0000000780900000, 0x0000000780900000| Untracked 
|  10|0x0000000780a00000, 0x0000000780a00000, 0x0000000780b00000|  0%| F|  |TAMS 0x0000000780a00000, 0x0000000780a00000| Untracked 
|  11|0x0000000780b00000, 0x0000000780b00000, 0x0000000780c00000|  0%| F|  |TAMS 0x0000000780b00000, 0x0000000780b00000| Untracked 
|  12|0x0000000780c00000, 0x0000000780c00000, 0x0000000780d00000|  0%| F|  |TAMS 0x0000000780c00000, 0x0000000780c00000| Untracked 
|  13|0x0000000780d00000, 0x0000000780d00000, 0x0000000780e00000|  0%| F|  |TAMS 0x0000000780d00000, 0x0000000780d00000| Untracked 
|  14|0x0000000780e00000, 0x0000000780e00000, 0x0000000780f00000|  0%| F|  |TAMS 0x0000000780e00000, 0x0000000780e00000| Untracked 
|  15|0x0000000780f00000, 0x0000000780f00000, 0x0000000781000000|  0%| F|  |TAMS 0x0000000780f00000, 0x0000000780f00000| Untracked 
|  16|0x0000000781000000, 0x0000000781000000, 0x0000000781100000|  0%| F|  |TAMS 0x0000000781000000, 0x0000000781000000| Untracked 
|  17|0x0000000781100000, 0x0000000781100000, 0x0000000781200000|  0%| F|  |TAMS 0x0000000781100000, 0x0000000781100000| Untracked 
|  18|0x0000000781200000, 0x0000000781200000, 0x0000000781300000|  0%| F|  |TAMS 0x0000000781200000, 0x0000000781200000| Untracked 
|  19|0x0000000781300000, 0x0000000781300000, 0x0000000781400000|  0%| F|  |TAMS 0x0000000781300000, 0x0000000781300000| Untracked 
|  20|0x0000000781400000, 0x0000000781400000, 0x0000000781500000|  0%| F|  |TAMS 0x0000000781400000, 0x0000000781400000| Untracked 
|  21|0x0000000781500000, 0x0000000781500000, 0x0000000781600000|  0%| F|  |TAMS 0x0000000781500000, 0x0000000781500000| Untracked 
|  22|0x0000000781600000, 0x0000000781600000, 0x0000000781700000|  0%| F|  |TAMS 0x0000000781600000, 0x0000000781600000| Untracked 
|  23|0x0000000781700000, 0x0000000781700000, 0x0000000781800000|  0%| F|  |TAMS 0x0000000781700000, 0x0000000781700000| Untracked 
|  24|0x0000000781800000, 0x0000000781800000, 0x0000000781900000|  0%| F|  |TAMS 0x0000000781800000, 0x0000000781800000| Untracked 
|  25|0x0000000781900000, 0x0000000781900000, 0x0000000781a00000|  0%| F|  |TAMS 0x0000000781900000, 0x0000000781900000| Untracked 
|  26|0x0000000781a00000, 0x0000000781a00000, 0x0000000781b00000|  0%| F|  |TAMS 0x0000000781a00000, 0x0000000781a00000| Untracked 
|  27|0x0000000781b00000, 0x0000000781b00000, 0x0000000781c00000|  0%| F|  |TAMS 0x0000000781b00000, 0x0000000781b00000| Untracked 
|  28|0x0000000781c00000, 0x0000000781c00000, 0x0000000781d00000|  0%| F|  |TAMS 0x0000000781c00000, 0x0000000781c00000| Untracked 
|  29|0x0000000781d00000, 0x0000000781d00000, 0x0000000781e00000|  0%| F|  |TAMS 0x0000000781d00000, 0x0000000781d00000| Untracked 
|  30|0x0000000781e00000, 0x0000000781e00000, 0x0000000781f00000|  0%| F|  |TAMS 0x0000000781e00000, 0x0000000781e00000| Untracked 
|  31|0x0000000781f00000, 0x0000000781f00000, 0x0000000782000000|  0%| F|  |TAMS 0x0000000781f00000, 0x0000000781f00000| Untracked 
|  32|0x0000000782000000, 0x0000000782000000, 0x0000000782100000|  0%| F|  |TAMS 0x0000000782000000, 0x0000000782000000| Untracked 
|  33|0x0000000782100000, 0x0000000782100000, 0x0000000782200000|  0%| F|  |TAMS 0x0000000782100000, 0x0000000782100000| Untracked 
|  34|0x0000000782200000, 0x0000000782200000, 0x0000000782300000|  0%| F|  |TAMS 0x0000000782200000, 0x0000000782200000| Untracked 
|  35|0x0000000782300000, 0x0000000782300000, 0x0000000782400000|  0%| F|  |TAMS 0x0000000782300000, 0x0000000782300000| Untracked 
|  36|0x0000000782400000, 0x0000000782400000, 0x0000000782500000|  0%| F|  |TAMS 0x0000000782400000, 0x0000000782400000| Untracked 
|  37|0x0000000782500000, 0x0000000782500000, 0x0000000782600000|  0%| F|  |TAMS 0x0000000782500000, 0x0000000782500000| Untracked 
|  38|0x0000000782600000, 0x0000000782600000, 0x0000000782700000|  0%| F|  |TAMS 0x0000000782600000, 0x0000000782600000| Untracked 
|  39|0x0000000782700000, 0x0000000782700000, 0x0000000782800000|  0%| F|  |TAMS 0x0000000782700000, 0x0000000782700000| Untracked 
|  40|0x0000000782800000, 0x0000000782800000, 0x0000000782900000|  0%| F|  |TAMS 0x0000000782800000, 0x0000000782800000| Untracked 
|  41|0x0000000782900000, 0x0000000782900000, 0x0000000782a00000|  0%| F|  |TAMS 0x0000000782900000, 0x0000000782900000| Untracked 
|  42|0x0000000782a00000, 0x0000000782a00000, 0x0000000782b00000|  0%| F|  |TAMS 0x0000000782a00000, 0x0000000782a00000| Untracked 
|  43|0x0000000782b00000, 0x0000000782b00000, 0x0000000782c00000|  0%| F|  |TAMS 0x0000000782b00000, 0x0000000782b00000| Untracked 
|  44|0x0000000782c00000, 0x0000000782c00000, 0x0000000782d00000|  0%| F|  |TAMS 0x0000000782c00000, 0x0000000782c00000| Untracked 
|  45|0x0000000782d00000, 0x0000000782d00000, 0x0000000782e00000|  0%| F|  |TAMS 0x0000000782d00000, 0x0000000782d00000| Untracked 
|  46|0x0000000782e00000, 0x0000000782e00000, 0x0000000782f00000|  0%| F|  |TAMS 0x0000000782e00000, 0x0000000782e00000| Untracked 
|  47|0x0000000782f00000, 0x0000000782f00000, 0x0000000783000000|  0%| F|  |TAMS 0x0000000782f00000, 0x0000000782f00000| Untracked 
|  48|0x0000000783000000, 0x0000000783000000, 0x0000000783100000|  0%| F|  |TAMS 0x0000000783000000, 0x0000000783000000| Untracked 
|  49|0x0000000783100000, 0x0000000783100000, 0x0000000783200000|  0%| F|  |TAMS 0x0000000783100000, 0x0000000783100000| Untracked 
|  50|0x0000000783200000, 0x0000000783200000, 0x0000000783300000|  0%| F|  |TAMS 0x0000000783200000, 0x0000000783200000| Untracked 
|  51|0x0000000783300000, 0x0000000783300000, 0x0000000783400000|  0%| F|  |TAMS 0x0000000783300000, 0x0000000783300000| Untracked 
|  52|0x0000000783400000, 0x0000000783400000, 0x0000000783500000|  0%| F|  |TAMS 0x0000000783400000, 0x0000000783400000| Untracked 
|  53|0x0000000783500000, 0x0000000783500000, 0x0000000783600000|  0%| F|  |TAMS 0x0000000783500000, 0x0000000783500000| Untracked 
|  54|0x0000000783600000, 0x0000000783600000, 0x0000000783700000|  0%| F|  |TAMS 0x0000000783600000, 0x0000000783600000| Untracked 
|  55|0x0000000783700000, 0x0000000783700000, 0x0000000783800000|  0%| F|  |TAMS 0x0000000783700000, 0x0000000783700000| Untracked 
|  56|0x0000000783800000, 0x0000000783800000, 0x0000000783900000|  0%| F|  |TAMS 0x0000000783800000, 0x0000000783800000| Untracked 
|  57|0x0000000783900000, 0x0000000783900000, 0x0000000783a00000|  0%| F|  |TAMS 0x0000000783900000, 0x0000000783900000| Untracked 
|  58|0x0000000783a00000, 0x0000000783a00000, 0x0000000783b00000|  0%| F|  |TAMS 0x0000000783a00000, 0x0000000783a00000| Untracked 
|  59|0x0000000783b00000, 0x0000000783b00000, 0x0000000783c00000|  0%| F|  |TAMS 0x0000000783b00000, 0x0000000783b00000| Untracked 
|  60|0x0000000783c00000, 0x0000000783c00000, 0x0000000783d00000|  0%| F|  |TAMS 0x0000000783c00000, 0x0000000783c00000| Untracked 
|  61|0x0000000783d00000, 0x0000000783d00000, 0x0000000783e00000|  0%| F|  |TAMS 0x0000000783d00000, 0x0000000783d00000| Untracked 
|  62|0x0000000783e00000, 0x0000000783e00000, 0x0000000783f00000|  0%| F|  |TAMS 0x0000000783e00000, 0x0000000783e00000| Untracked 
|  63|0x0000000783f00000, 0x0000000783f00000, 0x0000000784000000|  0%| F|  |TAMS 0x0000000783f00000, 0x0000000783f00000| Untracked 
|  64|0x0000000784000000, 0x0000000784000000, 0x0000000784100000|  0%| F|  |TAMS 0x0000000784000000, 0x0000000784000000| Untracked 
|  65|0x0000000784100000, 0x0000000784100000, 0x0000000784200000|  0%| F|  |TAMS 0x0000000784100000, 0x0000000784100000| Untracked 
|  66|0x0000000784200000, 0x0000000784200000, 0x0000000784300000|  0%| F|  |TAMS 0x0000000784200000, 0x0000000784200000| Untracked 
|  67|0x0000000784300000, 0x0000000784300000, 0x0000000784400000|  0%| F|  |TAMS 0x0000000784300000, 0x0000000784300000| Untracked 
|  68|0x0000000784400000, 0x0000000784400000, 0x0000000784500000|  0%| F|  |TAMS 0x0000000784400000, 0x0000000784400000| Untracked 
|  69|0x0000000784500000, 0x0000000784500000, 0x0000000784600000|  0%| F|  |TAMS 0x0000000784500000, 0x0000000784500000| Untracked 
|  70|0x0000000784600000, 0x0000000784600000, 0x0000000784700000|  0%| F|  |TAMS 0x0000000784600000, 0x0000000784600000| Untracked 
|  71|0x0000000784700000, 0x0000000784700000, 0x0000000784800000|  0%| F|  |TAMS 0x0000000784700000, 0x0000000784700000| Untracked 
|  72|0x0000000784800000, 0x0000000784800000, 0x0000000784900000|  0%| F|  |TAMS 0x0000000784800000, 0x0000000784800000| Untracked 
|  73|0x0000000784900000, 0x0000000784900000, 0x0000000784a00000|  0%| F|  |TAMS 0x0000000784900000, 0x0000000784900000| Untracked 
|  74|0x0000000784a00000, 0x0000000784a00000, 0x0000000784b00000|  0%| F|  |TAMS 0x0000000784a00000, 0x0000000784a00000| Untracked 
|  75|0x0000000784b00000, 0x0000000784b00000, 0x0000000784c00000|  0%| F|  |TAMS 0x0000000784b00000, 0x0000000784b00000| Untracked 
|  76|0x0000000784c00000, 0x0000000784c00000, 0x0000000784d00000|  0%| F|  |TAMS 0x0000000784c00000, 0x0000000784c00000| Untracked 
|  77|0x0000000784d00000, 0x0000000784d00000, 0x0000000784e00000|  0%| F|  |TAMS 0x0000000784d00000, 0x0000000784d00000| Untracked 
|  78|0x0000000784e00000, 0x0000000784e00000, 0x0000000784f00000|  0%| F|  |TAMS 0x0000000784e00000, 0x0000000784e00000| Untracked 
|  79|0x0000000784f00000, 0x0000000784f00000, 0x0000000785000000|  0%| F|  |TAMS 0x0000000784f00000, 0x0000000784f00000| Untracked 
|  80|0x0000000785000000, 0x0000000785000000, 0x0000000785100000|  0%| F|  |TAMS 0x0000000785000000, 0x0000000785000000| Untracked 
|  81|0x0000000785100000, 0x0000000785100000, 0x0000000785200000|  0%| F|  |TAMS 0x0000000785100000, 0x0000000785100000| Untracked 
|  82|0x0000000785200000, 0x0000000785200000, 0x0000000785300000|  0%| F|  |TAMS 0x0000000785200000, 0x0000000785200000| Untracked 
|  83|0x0000000785300000, 0x0000000785300000, 0x0000000785400000|  0%| F|  |TAMS 0x0000000785300000, 0x0000000785300000| Untracked 
|  84|0x0000000785400000, 0x0000000785400000, 0x0000000785500000|  0%| F|  |TAMS 0x0000000785400000, 0x0000000785400000| Untracked 
|  85|0x0000000785500000, 0x0000000785500000, 0x0000000785600000|  0%| F|  |TAMS 0x0000000785500000, 0x0000000785500000| Untracked 
|  86|0x0000000785600000, 0x0000000785600000, 0x0000000785700000|  0%| F|  |TAMS 0x0000000785600000, 0x0000000785600000| Untracked 
|  87|0x0000000785700000, 0x0000000785700000, 0x0000000785800000|  0%| F|  |TAMS 0x0000000785700000, 0x0000000785700000| Untracked 
|  88|0x0000000785800000, 0x0000000785800000, 0x0000000785900000|  0%| F|  |TAMS 0x0000000785800000, 0x0000000785800000| Untracked 
|  89|0x0000000785900000, 0x0000000785900000, 0x0000000785a00000|  0%| F|  |TAMS 0x0000000785900000, 0x0000000785900000| Untracked 
|  90|0x0000000785a00000, 0x0000000785a00000, 0x0000000785b00000|  0%| F|  |TAMS 0x0000000785a00000, 0x0000000785a00000| Untracked 
|  91|0x0000000785b00000, 0x0000000785b00000, 0x0000000785c00000|  0%| F|  |TAMS 0x0000000785b00000, 0x0000000785b00000| Untracked 
|  92|0x0000000785c00000, 0x0000000785c00000, 0x0000000785d00000|  0%| F|  |TAMS 0x0000000785c00000, 0x0000000785c00000| Untracked 
|  93|0x0000000785d00000, 0x0000000785d00000, 0x0000000785e00000|  0%| F|  |TAMS 0x0000000785d00000, 0x0000000785d00000| Untracked 
|  94|0x0000000785e00000, 0x0000000785e00000, 0x0000000785f00000|  0%| F|  |TAMS 0x0000000785e00000, 0x0000000785e00000| Untracked 
|  95|0x0000000785f00000, 0x0000000785f00000, 0x0000000786000000|  0%| F|  |TAMS 0x0000000785f00000, 0x0000000785f00000| Untracked 
|  96|0x0000000786000000, 0x0000000786000000, 0x0000000786100000|  0%| F|  |TAMS 0x0000000786000000, 0x0000000786000000| Untracked 
|  97|0x0000000786100000, 0x0000000786100000, 0x0000000786200000|  0%| F|  |TAMS 0x0000000786100000, 0x0000000786100000| Untracked 
|  98|0x0000000786200000, 0x0000000786200000, 0x0000000786300000|  0%| F|  |TAMS 0x0000000786200000, 0x0000000786200000| Untracked 
|  99|0x0000000786300000, 0x0000000786300000, 0x0000000786400000|  0%| F|  |TAMS 0x0000000786300000, 0x0000000786300000| Untracked 
| 100|0x0000000786400000, 0x0000000786400000, 0x0000000786500000|  0%| F|  |TAMS 0x0000000786400000, 0x0000000786400000| Untracked 
| 101|0x0000000786500000, 0x0000000786500000, 0x0000000786600000|  0%| F|  |TAMS 0x0000000786500000, 0x0000000786500000| Untracked 
| 102|0x0000000786600000, 0x0000000786700000, 0x0000000786700000|100%| S|CS|TAMS 0x0000000786600000, 0x0000000786600000| Complete 
| 103|0x0000000786700000, 0x0000000786800000, 0x0000000786800000|100%| S|CS|TAMS 0x0000000786700000, 0x0000000786700000| Complete 
| 104|0x0000000786800000, 0x0000000786900000, 0x0000000786900000|100%| S|CS|TAMS 0x0000000786800000, 0x0000000786800000| Complete 
| 105|0x0000000786900000, 0x0000000786900000, 0x0000000786a00000|  0%| F|  |TAMS 0x0000000786900000, 0x0000000786900000| Untracked 
| 106|0x0000000786a00000, 0x0000000786a00000, 0x0000000786b00000|  0%| F|  |TAMS 0x0000000786a00000, 0x0000000786a00000| Untracked 
| 107|0x0000000786b00000, 0x0000000786b00000, 0x0000000786c00000|  0%| F|  |TAMS 0x0000000786b00000, 0x0000000786b00000| Untracked 
| 108|0x0000000786c00000, 0x0000000786c00000, 0x0000000786d00000|  0%| F|  |TAMS 0x0000000786c00000, 0x0000000786c00000| Untracked 
| 109|0x0000000786d00000, 0x0000000786d00000, 0x0000000786e00000|  0%| F|  |TAMS 0x0000000786d00000, 0x0000000786d00000| Untracked 
| 110|0x0000000786e00000, 0x0000000786e00000, 0x0000000786f00000|  0%| F|  |TAMS 0x0000000786e00000, 0x0000000786e00000| Untracked 
| 111|0x0000000786f00000, 0x0000000786f00000, 0x0000000787000000|  0%| F|  |TAMS 0x0000000786f00000, 0x0000000786f00000| Untracked 
| 112|0x0000000787000000, 0x0000000787000000, 0x0000000787100000|  0%| F|  |TAMS 0x0000000787000000, 0x0000000787000000| Untracked 
| 113|0x0000000787100000, 0x0000000787100000, 0x0000000787200000|  0%| F|  |TAMS 0x0000000787100000, 0x0000000787100000| Untracked 
| 114|0x0000000787200000, 0x0000000787200000, 0x0000000787300000|  0%| F|  |TAMS 0x0000000787200000, 0x0000000787200000| Untracked 
| 115|0x0000000787300000, 0x0000000787300000, 0x0000000787400000|  0%| F|  |TAMS 0x0000000787300000, 0x0000000787300000| Untracked 
| 116|0x0000000787400000, 0x0000000787400000, 0x0000000787500000|  0%| F|  |TAMS 0x0000000787400000, 0x0000000787400000| Untracked 
| 117|0x0000000787500000, 0x0000000787500000, 0x0000000787600000|  0%| F|  |TAMS 0x0000000787500000, 0x0000000787500000| Untracked 
| 118|0x0000000787600000, 0x0000000787680800, 0x0000000787700000| 50%| E|  |TAMS 0x0000000787600000, 0x0000000787600000| Complete 
| 119|0x0000000787700000, 0x0000000787800000, 0x0000000787800000|100%| E|CS|TAMS 0x0000000787700000, 0x0000000787700000| Complete 
| 120|0x0000000787800000, 0x0000000787900000, 0x0000000787900000|100%| E|CS|TAMS 0x0000000787800000, 0x0000000787800000| Complete 
| 121|0x0000000787900000, 0x0000000787a00000, 0x0000000787a00000|100%| E|CS|TAMS 0x0000000787900000, 0x0000000787900000| Complete 
| 122|0x0000000787a00000, 0x0000000787b00000, 0x0000000787b00000|100%| E|CS|TAMS 0x0000000787a00000, 0x0000000787a00000| Complete 
| 123|0x0000000787b00000, 0x0000000787c00000, 0x0000000787c00000|100%| E|CS|TAMS 0x0000000787b00000, 0x0000000787b00000| Complete 
| 124|0x0000000787c00000, 0x0000000787d00000, 0x0000000787d00000|100%| E|CS|TAMS 0x0000000787c00000, 0x0000000787c00000| Complete 
| 125|0x0000000787d00000, 0x0000000787e00000, 0x0000000787e00000|100%| E|CS|TAMS 0x0000000787d00000, 0x0000000787d00000| Complete 
| 126|0x0000000787e00000, 0x0000000787f00000, 0x0000000787f00000|100%| E|CS|TAMS 0x0000000787e00000, 0x0000000787e00000| Complete 
| 127|0x0000000787f00000, 0x0000000788000000, 0x0000000788000000|100%| E|CS|TAMS 0x0000000787f00000, 0x0000000787f00000| Complete 
|2046|0x00000007ffe00000, 0x00000007ffe76000, 0x00000007fff00000| 46%|OA|  |TAMS 0x00000007ffe00000, 0x00000007ffe00000| Untracked 
|2047|0x00000007fff00000, 0x00000007fff7f000, 0x0000000800000000| 49%|CA|  |TAMS 0x00000007fff00000, 0x00000007fff00000| Untracked 

Card table byte_map: [0x000000010d468000,0x000000010d868000] _byte_map_base: 0x0000000109868000

Marking Bits (Prev, Next): (CMBitMap*) 0x00007fd04a813c10, (CMBitMap*) 0x00007fd04a813c50
 Prev Bits: [0x0000000126cc9000, 0x0000000128cc9000)
 Next Bits: [0x0000000128cc9000, 0x000000012acc9000)

Polling page: 0x00000001046d9000

Metaspace:

Usage:
  Non-class:      7.69 MB used.
      Class:      1.17 MB used.
       Both:      8.86 MB used.

Virtual space:
  Non-class space:       16.00 MB reserved,       7.75 MB ( 48%) committed,  2 nodes.
      Class space:        1.00 GB reserved,       1.31 MB ( <1%) committed,  1 nodes.
             Both:        1.02 GB reserved,       9.06 MB ( <1%) committed. 

Chunk freelists:
   Non-Class:  2.94 MB
       Class:  2.55 MB
        Both:  5.48 MB

MaxMetaspaceSize: unlimited
CompressedClassSpaceSize: 1.00 GB
Initial GC threshold: 21.00 MB
Current GC threshold: 21.00 MB
CDS: on
MetaspaceReclaimPolicy: balanced
 - commit_granule_bytes: 65536.
 - commit_granule_words: 8192.
 - virtual_space_node_default_size: 1048576.
 - enlarge_chunks_in_place: 1.
 - new_chunks_are_fully_committed: 0.
 - uncommit_free_chunks: 1.
 - use_allocation_guard: 0.
 - handle_deallocations: 1.


Internal statistics:

num_allocs_failed_limit: 0.
num_arena_births: 120.
num_arena_deaths: 0.
num_vsnodes_births: 3.
num_vsnodes_deaths: 0.
num_space_committed: 145.
num_space_uncommitted: 0.
num_chunks_returned_to_freelist: 0.
num_chunks_taken_from_freelist: 397.
num_chunk_merges: 0.
num_chunk_splits: 278.
num_chunks_enlarged: 210.
num_purges: 0.
num_inconsistent_stats: 0.

CodeHeap 'non-profiled nmethods': size=120028Kb used=313Kb max_used=313Kb free=119714Kb
 bounds [0x000000011f792000, 0x000000011fa02000, 0x0000000126cc9000]
CodeHeap 'profiled nmethods': size=120028Kb used=1595Kb max_used=1595Kb free=118432Kb
 bounds [0x000000011825b000, 0x00000001184cb000, 0x000000011f792000]
CodeHeap 'non-nmethods': size=5704Kb used=1331Kb max_used=1344Kb free=4372Kb
 bounds [0x0000000117cc9000, 0x0000000117f39000, 0x000000011825b000]
 total_blobs=1694 nmethods=1017 adapters=592
 compilation: enabled
              stopped_count=0, restarted_count=0
 full_count=0

Compilation events (20 events):
Event: 3.889 Thread 0x00007fd04a04f400 1007       4       jdk.internal.org.objectweb.asm.SymbolTable::put (150 bytes)
Event: 3.894 Thread 0x00007fd04a04f400 nmethod 1007 0x000000011f7dea90 code [0x000000011f7dec20, 0x000000011f7def58]
Event: 3.910 Thread 0x00007fd049012200 1008       1       java.util.concurrent.locks.AbstractOwnableSynchronizer::setExclusiveOwnerThread (6 bytes)
Event: 3.910 Thread 0x00007fd049012200 nmethod 1008 0x000000011f7df110 code [0x000000011f7df2a0, 0x000000011f7df3b0]
Event: 3.911 Thread 0x00007fd049012200 1009       3       jdk.internal.misc.CDS::isDumpingArchive (4 bytes)
Event: 3.911 Thread 0x00007fd049012200 nmethod 1009 0x00000001183e8610 code [0x00000001183e87a0, 0x00000001183e8890]
Event: 3.912 Thread 0x00007fd049012200 1010       1       java.util.concurrent.locks.AbstractQueuedSynchronizer::setState (6 bytes)
Event: 3.912 Thread 0x00007fd049012200 nmethod 1010 0x000000011f7df410 code [0x000000011f7df5a0, 0x000000011f7df670]
Event: 3.917 Thread 0x00007fd049012200 1011       3       java.security.AccessController::doPrivileged (9 bytes)
Event: 3.917 Thread 0x00007fd049012200 nmethod 1011 0x00000001183e8910 code [0x00000001183e8ae0, 0x00000001183e8e10]
Event: 3.917 Thread 0x00007fd049012200 1012       1       java.util.logging.LogManager$LoggerContext::getOwner (5 bytes)
Event: 3.917 Thread 0x00007fd049012200 nmethod 1012 0x000000011f7df710 code [0x000000011f7df8a0, 0x000000011f7df970]
Event: 3.932 Thread 0x00007fd049012200 1013       3       java.lang.invoke.MethodType::parameterSlotCount (8 bytes)
Event: 3.932 Thread 0x00007fd049012200 nmethod 1013 0x00000001183e8f90 code [0x00000001183e9120, 0x00000001183e9250]
Event: 3.933 Thread 0x00007fd049012200 1014       3       java.lang.Class::getComponentType (14 bytes)
Event: 3.933 Thread 0x00007fd049012200 nmethod 1014 0x00000001183e9310 code [0x00000001183e94c0, 0x00000001183e9680]
Event: 3.933 Thread 0x00007fd049012200 1015       3       java.lang.invoke.BoundMethodHandle::editor (8 bytes)
Event: 3.933 Thread 0x00007fd049012200 nmethod 1015 0x00000001183e9710 code [0x00000001183e98e0, 0x00000001183e9c80]
Event: 3.935 Thread 0x00007fd04a04f400 1016       4       java.lang.String::indexOf (7 bytes)
Event: 3.936 Thread 0x00007fd04a04f400 nmethod 1016 0x000000011f7dfa10 code [0x000000011f7dfba0, 0x000000011f7dfd28]

GC Heap History (2 events):
Event: 1.895 GC heap before
{Heap before GC invocations=0 (full 0):
 garbage-first heap   total 133120K, used 24532K [0x0000000780000000, 0x0000000800000000)
  region size 1024K, 23 young (23552K), 0 survivors (0K)
 Metaspace       used 6012K, committed 6208K, reserved 1056768K
  class space    used 742K, committed 832K, reserved 1048576K
}
Event: 1.902 GC heap after
{Heap after GC invocations=1 (full 0):
 garbage-first heap   total 133120K, used 4297K [0x0000000780000000, 0x0000000800000000)
  region size 1024K, 3 young (3072K), 3 survivors (3072K)
 Metaspace       used 6012K, committed 6208K, reserved 1056768K
  class space    used 742K, committed 832K, reserved 1048576K
}

Deoptimization events (20 events):
Event: 1.422 Thread 0x00007fd04a252000 Uncommon trap: trap_request=0xffffffde fr.pc=0x000000011f7c8928 relative=0x0000000000000108
Event: 1.422 Thread 0x00007fd04a252000 Uncommon trap: reason=class_check action=maybe_recompile pc=0x000000011f7c8928 method=jdk.internal.misc.Unsafe.allocateUninitializedArray(Ljava/lang/Class;I)Ljava/lang/Object; @ 51 c2
Event: 1.422 Thread 0x00007fd04a252000 DEOPT PACKING pc=0x000000011f7c8928 sp=0x000000030e497e40
Event: 1.422 Thread 0x00007fd04a252000 DEOPT UNPACKING pc=0x0000000117d1b093 sp=0x000000030e497de8 mode 2
Event: 1.422 Thread 0x00007fd04a252000 Uncommon trap: trap_request=0xffffffde fr.pc=0x000000011f7c8928 relative=0x0000000000000108
Event: 1.422 Thread 0x00007fd04a252000 Uncommon trap: reason=class_check action=maybe_recompile pc=0x000000011f7c8928 method=jdk.internal.misc.Unsafe.allocateUninitializedArray(Ljava/lang/Class;I)Ljava/lang/Object; @ 51 c2
Event: 1.422 Thread 0x00007fd04a252000 DEOPT PACKING pc=0x000000011f7c8928 sp=0x000000030e49ab50
Event: 1.422 Thread 0x00007fd04a252000 DEOPT UNPACKING pc=0x0000000117d1b093 sp=0x000000030e49aaf8 mode 2
Event: 1.422 Thread 0x00007fd04a252000 Uncommon trap: trap_request=0xffffffde fr.pc=0x000000011f7c8928 relative=0x0000000000000108
Event: 1.422 Thread 0x00007fd04a252000 Uncommon trap: reason=class_check action=maybe_recompile pc=0x000000011f7c8928 method=jdk.internal.misc.Unsafe.allocateUninitializedArray(Ljava/lang/Class;I)Ljava/lang/Object; @ 51 c2
Event: 1.422 Thread 0x00007fd04a252000 DEOPT PACKING pc=0x000000011f7c8928 sp=0x000000030e49aac0
Event: 1.422 Thread 0x00007fd04a252000 DEOPT UNPACKING pc=0x0000000117d1b093 sp=0x000000030e49aa68 mode 2
Event: 1.810 Thread 0x00007fd049340200 Uncommon trap: trap_request=0xffffff45 fr.pc=0x000000011f7b34a4 relative=0x0000000000000664
Event: 1.810 Thread 0x00007fd049340200 Uncommon trap: reason=unstable_if action=reinterpret pc=0x000000011f7b34a4 method=java.util.zip.ZipFile$Source.checkAndAddEntry(II)I @ 50 c2
Event: 1.810 Thread 0x00007fd049340200 DEOPT PACKING pc=0x000000011f7b34a4 sp=0x000000030cecc630
Event: 1.810 Thread 0x00007fd049340200 DEOPT UNPACKING pc=0x0000000117d1b093 sp=0x000000030cecc5c8 mode 2
Event: 1.980 Thread 0x00007fd049340200 Uncommon trap: trap_request=0xffffff45 fr.pc=0x000000011f7b17b8 relative=0x0000000000000038
Event: 1.980 Thread 0x00007fd049340200 Uncommon trap: reason=unstable_if action=reinterpret pc=0x000000011f7b17b8 method=java.lang.StringLatin1.canEncode(I)Z @ 4 c2
Event: 1.980 Thread 0x00007fd049340200 DEOPT PACKING pc=0x000000011f7b17b8 sp=0x000000030ceccaf0
Event: 1.980 Thread 0x00007fd049340200 DEOPT UNPACKING pc=0x0000000117d1b093 sp=0x000000030ceccaa0 mode 2

Classes unloaded (0 events):
No events

Classes redefined (0 events):
No events

Internal exceptions (18 events):
Event: 0.247 Thread 0x00007fd04a00a200 Implicit null exception at 0x000000011f7a64d5 to 0x000000011f7a6628
Event: 1.308 Thread 0x00007fd04a00a200 Exception <a 'java/lang/NoSuchMethodError'{0x000000078774e688}: 'java.lang.Object java.lang.invoke.DirectMethodHandle$Holder.invokeStaticInit(java.lang.Object)'> (0x000000078774e688) 
thrown [open/src/hotspot/share/interpreter/linkResolver.cpp, line 766]
Event: 1.315 Thread 0x00007fd04a00a200 Exception <a 'java/lang/NoSuchMethodError'{0x000000078776af30}: 'java.lang.Object java.lang.invoke.DirectMethodHandle$Holder.newInvokeSpecial(java.lang.Object, java.lang.Object, java.lang.Object, java.lang.Object, java.lang.Object)'> (0x000000078776af30) 
thrown [open/src/hotspot/share/interpreter/linkResolver.cpp, line 766]
Event: 1.317 Thread 0x00007fd04a009000 Exception <a 'java/lang/NoSuchMethodError'{0x000000078777a3b8}: 'void java.lang.invoke.DirectMethodHandle$Holder.invokeStatic(java.lang.Object, java.lang.Object)'> (0x000000078777a3b8) 
thrown [open/src/hotspot/share/interpreter/linkResolver.cpp, line 766]
Event: 1.365 Thread 0x00007fd04a009000 Exception <a 'java/lang/NoSuchMethodError'{0x00000007875ef7a8}: 'void java.lang.invoke.DirectMethodHandle$Holder.invokeSpecial(java.lang.Object, java.lang.Object, java.lang.Object)'> (0x00000007875ef7a8) 
thrown [open/src/hotspot/share/interpreter/linkResolver.cpp, line 766]
Event: 1.379 Thread 0x00007fd04a009000 Exception <a 'java/lang/NoSuchMethodError'{0x000000078742c320}: 'void java.lang.invoke.DirectMethodHandle$Holder.invokeStatic(java.lang.Object, java.lang.Object, java.lang.Object)'> (0x000000078742c320) 
thrown [open/src/hotspot/share/interpreter/linkResolver.cpp, line 766]
Event: 1.464 Thread 0x00007fd04a009000 Exception <a 'java/lang/NoSuchMethodError'{0x00000007874489e8}: 'int java.lang.invoke.DirectMethodHandle$Holder.invokeStaticInit(java.lang.Object, java.lang.Object, java.lang.Object)'> (0x00000007874489e8) 
thrown [open/src/hotspot/share/interpreter/linkResolver.cpp, line 766]
Event: 1.744 Thread 0x00007fd049340200 Exception <a 'java/lang/NoSuchMethodError'{0x0000000786f2ff50}: 'void java.lang.invoke.DirectMethodHandle$Holder.invokeStaticInit(java.lang.Object)'> (0x0000000786f2ff50) 
thrown [open/src/hotspot/share/interpreter/linkResolver.cpp, line 766]
Event: 1.750 Thread 0x00007fd04a009000 Exception <a 'java/lang/NoSuchMethodError'{0x000000078720acb0}: 'void java.lang.invoke.DirectMethodHandle$Holder.invokeStatic(java.lang.Object, java.lang.Object, java.lang.Object, java.lang.Object)'> (0x000000078720acb0) 
thrown [open/src/hotspot/share/interpreter/linkResolver.cpp, line 766]
Event: 1.864 Thread 0x00007fd049340200 Exception <a 'java/lang/NoSuchMethodError'{0x0000000786a4c8f8}: 'java.lang.Object java.lang.invoke.DirectMethodHandle$Holder.invokeStaticInit(java.lang.Object, java.lang.Object, java.lang.Object, java.lang.Object)'> (0x0000000786a4c8f8) 
thrown [open/src/hotspot/share/interpreter/linkResolver.cpp, line 766]
Event: 1.867 Thread 0x00007fd049340200 Exception <a 'java/lang/NullPointerException'{0x0000000786a585f0}> (0x0000000786a585f0) 
thrown [open/src/hotspot/share/interpreter/linkResolver.cpp, line 1357]
Event: 1.892 Thread 0x00007fd049340200 Exception <a 'java/lang/NoSuchMethodError'{0x00000007869e99c0}: 'java.lang.Object java.lang.invoke.DirectMethodHandle$Holder.invokeSpecial(java.lang.Object, java.lang.Object, java.lang.Object, int, java.lang.Object)'> (0x00000007869e99c0) 
thrown [open/src/hotspot/share/interpreter/linkResolver.cpp, line 766]
Event: 2.034 Thread 0x00007fd049340200 Exception <a 'java/lang/NoSuchMethodError'{0x00000007879ce6c0}: 'java.lang.Object java.lang.invoke.DirectMethodHandle$Holder.newInvokeSpecial(java.lang.Object, java.lang.Object, int)'> (0x00000007879ce6c0) 
thrown [open/src/hotspot/share/interpreter/linkResolver.cpp, line 766]
Event: 2.136 Thread 0x00007fd04a252000 Exception <a 'java/lang/NoSuchMethodError'{0x00000007878e5150}: 'int java.lang.invoke.DirectMethodHandle$Holder.invokeStaticInit(java.lang.Object, java.lang.Object)'> (0x00000007878e5150) 
thrown [open/src/hotspot/share/interpreter/linkResolver.cpp, line 766]
Event: 3.919 Thread 0x00007fd04a00a200 Exception <a 'java/lang/ClassNotFoundException'{0x000000078760b220}: sun/awt/resources/spi/awtProvider> (0x000000078760b220) 
thrown [open/src/hotspot/share/classfile/systemDictionary.cpp, line 256]
Event: 3.933 Thread 0x00007fd04a00a200 Exception <a 'java/io/FileNotFoundException'{0x0000000787611f10}> (0x0000000787611f10) 
thrown [open/src/hotspot/share/prims/jni.cpp, line 516]
Event: 3.934 Thread 0x00007fd04a00a200 Exception <a 'java/io/FileNotFoundException'{0x0000000787613158}> (0x0000000787613158) 
thrown [open/src/hotspot/share/prims/jni.cpp, line 516]
Event: 3.940 Thread 0x00007fd04a00a200 Exception <a 'java/lang/ClassNotFoundException'{0x000000078761c848}: sun/awt/resources/spi/awtosxProvider> (0x000000078761c848) 
thrown [open/src/hotspot/share/classfile/systemDictionary.cpp, line 256]

VM Operations (14 events):
Event: 0.114 Executing VM operation: HandshakeAllThreads
Event: 0.114 Executing VM operation: HandshakeAllThreads done
Event: 0.217 Executing VM operation: HandshakeAllThreads
Event: 0.217 Executing VM operation: HandshakeAllThreads done
Event: 0.265 Executing VM operation: HandshakeAllThreads
Event: 0.265 Executing VM operation: HandshakeAllThreads done
Event: 1.270 Executing VM operation: Cleanup
Event: 1.273 Executing VM operation: Cleanup done
Event: 1.818 Executing VM operation: HandshakeAllThreads
Event: 1.818 Executing VM operation: HandshakeAllThreads done
Event: 1.894 Executing VM operation: G1CollectForAllocation
Event: 1.902 Executing VM operation: G1CollectForAllocation done
Event: 2.904 Executing VM operation: Cleanup
Event: 2.907 Executing VM operation: Cleanup done

Events (20 events):
Event: 3.945 loading class sun/awt/AWTAccessor$InputEventAccessor done
Event: 3.945 loading class java/awt/event/InputEvent$1 done
Event: 3.946 loading class sun/lwawt/macosx/LWCToolkit$2
Event: 3.946 loading class sun/lwawt/macosx/LWCToolkit$2 done
Event: 3.946 loading class java/awt/Toolkit$DesktopPropertyChangeSupport
Event: 3.946 loading class java/beans/PropertyChangeSupport
Event: 3.946 loading class java/beans/PropertyChangeSupport done
Event: 3.946 loading class java/awt/Toolkit$DesktopPropertyChangeSupport done
Event: 3.946 loading class java/beans/PropertyChangeSupport$PropertyChangeListenerMap
Event: 3.946 loading class java/beans/ChangeListenerMap
Event: 3.946 loading class java/beans/ChangeListenerMap done
Event: 3.946 loading class java/beans/PropertyChangeSupport$PropertyChangeListenerMap done
Event: 3.946 loading class java/beans/PropertyChangeListener
Event: 3.946 loading class java/beans/PropertyChangeListener done
Event: 3.946 loading class sun/awt/SunToolkit$ModalityListenerList
Event: 3.946 loading class sun/awt/ModalityListener
Event: 3.946 loading class sun/awt/ModalityListener done
Event: 3.947 loading class sun/awt/SunToolkit$ModalityListenerList done
Event: 3.947 loading class sun/awt/util/ThreadGroupUtils
Event: 3.947 loading class sun/awt/util/ThreadGroupUtils done


Dynamic libraries:
0x000000010cd0d000 	/Users/noephilippe/Library/Java/JavaVirtualMachines/openjdk-17.0.1/Contents/Home/lib/libjli.dylib
0x00007ff81cd91000 	/usr/lib/libz.1.dylib
0x00007ff81ce77000 	/usr/lib/libSystem.B.dylib
0x00007ff81ce72000 	/usr/lib/system/libcache.dylib
0x00007ff81ce2e000 	/usr/lib/system/libcommonCrypto.dylib
0x00007ff81ce57000 	/usr/lib/system/libcompiler_rt.dylib
0x00007ff81ce4d000 	/usr/lib/system/libcopyfile.dylib
0x00007ff811a11000 	/usr/lib/system/libcorecrypto.dylib
0x00007ff811acf000 	/usr/lib/system/libdispatch.dylib
0x00007ff811c8f000 	/usr/lib/system/libdyld.dylib
0x00007ff81ce69000 	/usr/lib/system/libkeymgr.dylib
0x00007ff81ce0c000 	/usr/lib/system/libmacho.dylib
0x00007ff81c487000 	/usr/lib/system/libquarantine.dylib
0x00007ff81ce67000 	/usr/lib/system/libremovefile.dylib
0x00007ff816b5a000 	/usr/lib/system/libsystem_asl.dylib
0x00007ff8119ba000 	/usr/lib/system/libsystem_blocks.dylib
0x00007ff811b53000 	/usr/lib/system/libsystem_c.dylib
0x00007ff81ce5f000 	/usr/lib/system/libsystem_collections.dylib
0x00007ff81b7b9000 	/usr/lib/system/libsystem_configuration.dylib
0x00007ff81aa62000 	/usr/lib/system/libsystem_containermanager.dylib
0x00007ff81cb3e000 	/usr/lib/system/libsystem_coreservices.dylib
0x00007ff8141fb000 	/usr/lib/system/libsystem_darwin.dylib
0x00007ff81ce6a000 	/usr/lib/system/libsystem_dnssd.dylib
0x00007ff811b50000 	/usr/lib/system/libsystem_featureflags.dylib
0x00007ff811ca5000 	/usr/lib/system/libsystem_info.dylib
0x00007ff81cda4000 	/usr/lib/system/libsystem_m.dylib
0x00007ff811aa3000 	/usr/lib/system/libsystem_malloc.dylib
0x00007ff816af5000 	/usr/lib/system/libsystem_networkextension.dylib
0x00007ff814621000 	/usr/lib/system/libsystem_notify.dylib
0x00007ff8231a3000 	/usr/lib/system/libsystem_product_info_filter.dylib
0x00007ff81b7bd000 	/usr/lib/system/libsystem_sandbox.dylib
0x00007ff81ce64000 	/usr/lib/system/libsystem_secinit.dylib
0x00007ff811c4b000 	/usr/lib/system/libsystem_kernel.dylib
0x00007ff811c9b000 	/usr/lib/system/libsystem_platform.dylib
0x00007ff811c83000 	/usr/lib/system/libsystem_pthread.dylib
0x00007ff818417000 	/usr/lib/system/libsystem_symptoms.dylib
0x00007ff8119f8000 	/usr/lib/system/libsystem_trace.dylib
0x00007ff81ce3a000 	/usr/lib/system/libunwind.dylib
0x00007ff8119bc000 	/usr/lib/system/libxpc.dylib
0x00007ff811c35000 	/usr/lib/libc++abi.dylib
0x00007ff811b16000 	/usr/lib/libobjc.A.dylib
0x00007ff81ce45000 	/usr/lib/liboah.dylib
0x00007ff811bdc000 	/usr/lib/libc++.1.dylib
0x00007ff828fa4000 	/System/Library/Frameworks/Cocoa.framework/Versions/A/Cocoa
0x00007ff81467f000 	/System/Library/Frameworks/AppKit.framework/Versions/C/AppKit
0x00007ff817bf4000 	/System/Library/Frameworks/CoreData.framework/Versions/A/CoreData
0x00007ff812a82000 	/System/Library/Frameworks/Foundation.framework/Versions/C/Foundation
0x00007ff81550f000 	/System/Library/PrivateFrameworks/UIFoundation.framework/Versions/A/UIFoundation
0x00007ff822ea6000 	/System/Library/PrivateFrameworks/RemoteViewServices.framework/Versions/A/RemoteViewServices
0x00007ff81b143000 	/System/Library/PrivateFrameworks/XCTTargetBootstrap.framework/Versions/A/XCTTargetBootstrap
0x00007ff81ed3c000 	/System/Library/PrivateFrameworks/InternationalSupport.framework/Versions/A/InternationalSupport
0x00007ff81edc6000 	/System/Library/PrivateFrameworks/UserActivity.framework/Versions/A/UserActivity
0x00007ff81e120000 	/usr/lib/libspindump.dylib
0x00007ff81579e000 	/System/Library/Frameworks/UniformTypeIdentifiers.framework/Versions/A/UniformTypeIdentifiers
0x00007ff819867000 	/usr/lib/libapp_launch_measurement.dylib
0x00007ff8185d7000 	/System/Library/PrivateFrameworks/CoreAnalytics.framework/Versions/A/CoreAnalytics
0x00007ff81986a000 	/System/Library/PrivateFrameworks/CoreAutoLayout.framework/Versions/A/CoreAutoLayout
0x00007ff81aa9a000 	/System/Library/Frameworks/Metal.framework/Versions/A/Metal
0x00007ff81b7c9000 	/usr/lib/liblangid.dylib
0x00007ff81b148000 	/System/Library/PrivateFrameworks/CoreSVG.framework/Versions/A/CoreSVG
0x00007ff816b8a000 	/System/Library/PrivateFrameworks/SkyLight.framework/Versions/A/SkyLight
0x00007ff816f29000 	/System/Library/Frameworks/CoreGraphics.framework/Versions/A/CoreGraphics
0x00007ff823566000 	/System/Library/Frameworks/Accelerate.framework/Versions/A/Accelerate
0x00007ff81db9f000 	/System/Library/PrivateFrameworks/IconServices.framework/Versions/A/IconServices
0x00007ff81aa7f000 	/System/Library/Frameworks/IOSurface.framework/Versions/A/IOSurface
0x00007ff818605000 	/usr/lib/libDiagnosticMessagesClient.dylib
0x00007ff826c48000 	/System/Library/Frameworks/ApplicationServices.framework/Versions/A/ApplicationServices
0x00007ff81b12f000 	/System/Library/PrivateFrameworks/DFRFoundation.framework/Versions/A/DFRFoundation
0x00007ff813f67000 	/usr/lib/libicucore.A.dylib
0x00007ff81fb32000 	/System/Library/Frameworks/AudioToolbox.framework/Versions/A/AudioToolbox
0x00007ff81ed48000 	/System/Library/PrivateFrameworks/DataDetectorsCore.framework/Versions/A/DataDetectorsCore
0x00007ff91afa9000 	/System/Library/PrivateFrameworks/TextInput.framework/Versions/A/TextInput
0x00007ff816b0d000 	/usr/lib/libMobileGestalt.dylib
0x00007ff81ae3b000 	/System/Library/Frameworks/Carbon.framework/Versions/A/Frameworks/HIToolbox.framework/Versions/A/HIToolbox
0x00007ff81926a000 	/System/Library/Frameworks/QuartzCore.framework/Versions/A/QuartzCore
0x00007ff813c0c000 	/System/Library/Frameworks/Security.framework/Versions/A/Security
0x00007ff822ede000 	/System/Library/Frameworks/Carbon.framework/Versions/A/Frameworks/SpeechRecognition.framework/Versions/A/SpeechRecognition
0x00007ff8195c7000 	/System/Library/PrivateFrameworks/CoreUI.framework/Versions/A/CoreUI
0x00007ff8134d6000 	/System/Library/Frameworks/CoreAudio.framework/Versions/A/CoreAudio
0x00007ff8186f4000 	/System/Library/Frameworks/DiskArbitration.framework/Versions/A/DiskArbitration
0x00007ff81e50c000 	/System/Library/PrivateFrameworks/MultitouchSupport.framework/Versions/A/MultitouchSupport
0x00007ff816b0c000 	/usr/lib/libenergytrace.dylib
0x00007ff81456b000 	/System/Library/Frameworks/IOKit.framework/Versions/A/IOKit
0x00007ff8232ce000 	/System/Library/Frameworks/CoreServices.framework/Versions/A/CoreServices
0x00007ff819801000 	/System/Library/PrivateFrameworks/PerformanceAnalysis.framework/Versions/A/PerformanceAnalysis
0x00007ffa2aa85000 	/System/Library/Frameworks/OpenGL.framework/Versions/A/OpenGL
0x00007ff81c3ad000 	/System/Library/PrivateFrameworks/MobileKeyBag.framework/Versions/A/MobileKeyBag
0x00007ff817653000 	/System/Library/Frameworks/ColorSync.framework/Versions/A/ColorSync
0x00007ff811cd0000 	/System/Library/Frameworks/CoreFoundation.framework/Versions/A/CoreFoundation
0x00007ff81b3bf000 	/System/Library/Frameworks/CoreImage.framework/Versions/A/CoreImage
0x00007ff8132ea000 	/System/Library/Frameworks/CoreText.framework/Versions/A/CoreText
0x00007ff81b178000 	/System/Library/Frameworks/ImageIO.framework/Versions/A/ImageIO
0x00007ff81ce7d000 	/System/Library/PrivateFrameworks/SoftLinking.framework/Versions/A/SoftLinking
0x00007ff8198b2000 	/usr/lib/libxml2.2.dylib
0x00007ff81d0fe000 	/usr/lib/libcompression.dylib
0x00007ff81ec6f000 	/System/Library/PrivateFrameworks/TextureIO.framework/Versions/A/TextureIO
0x00007ff81d818000 	/usr/lib/libate.dylib
0x00007ff81d5d6000 	/usr/lib/liblzma.5.dylib
0x00007ff812794000 	/System/Library/Frameworks/SystemConfiguration.framework/Versions/A/SystemConfiguration
0x00007ff81ce79000 	/usr/lib/libfakelink.dylib
0x00007ff816665000 	/System/Library/Frameworks/CFNetwork.framework/Versions/A/CFNetwork
0x00007ff81cfba000 	/usr/lib/libarchive.2.dylib
0x00007ff81b7c5000 	/System/Library/PrivateFrameworks/AppleSystemInfo.framework/Versions/A/AppleSystemInfo
0x00007ff81c4ae000 	/usr/lib/libbsm.0.dylib
0x00007ff815c74000 	/usr/lib/libnetwork.dylib
0x00007ff81ce12000 	/usr/lib/system/libkxld.dylib
0x00007ff81c0e1000 	/System/Library/PrivateFrameworks/IOMobileFramebuffer.framework/Versions/A/IOMobileFramebuffer
0x00007ffb2a43f000 	/usr/lib/libCoreEntitlements.dylib
0x00007ff81cb20000 	/System/Library/PrivateFrameworks/AppleFSCompression.framework/Versions/A/AppleFSCompression
0x00007ff81c496000 	/usr/lib/libcoretls.dylib
0x00007ff81d5f0000 	/usr/lib/libcoretls_cfhelpers.dylib
0x00007ff81d0f9000 	/usr/lib/libpam.2.dylib
0x00007ff818039000 	/usr/lib/libsqlite3.dylib
0x00007ff81d65f000 	/usr/lib/libxar.1.dylib
0x00007ff81cb30000 	/usr/lib/libbz2.1.0.dylib
0x00007ff81ce7e000 	/usr/lib/libpcap.A.dylib
0x00007ff81840f000 	/usr/lib/libdns_services.dylib
0x00007ff81d0cc000 	/usr/lib/libapple_nghttp2.dylib
0x00007ff81ceb8000 	/usr/lib/libiconv.2.dylib
0x00007ff81ce0b000 	/usr/lib/libcharset.1.dylib
0x00007ff819835000 	/System/Library/Frameworks/CoreServices.framework/Versions/A/Frameworks/FSEvents.framework/Versions/A/FSEvents
0x00007ff814205000 	/System/Library/Frameworks/CoreServices.framework/Versions/A/Frameworks/CarbonCore.framework/Versions/A/CarbonCore
0x00007ff818658000 	/System/Library/Frameworks/CoreServices.framework/Versions/A/Frameworks/Metadata.framework/Versions/A/Metadata
0x00007ff81cb43000 	/System/Library/Frameworks/CoreServices.framework/Versions/A/Frameworks/OSServices.framework/Versions/A/OSServices
0x00007ff81d041000 	/System/Library/Frameworks/CoreServices.framework/Versions/A/Frameworks/SearchKit.framework/Versions/A/SearchKit
0x00007ff8183a1000 	/System/Library/Frameworks/CoreServices.framework/Versions/A/Frameworks/AE.framework/Versions/A/AE
0x00007ff8121d1000 	/System/Library/Frameworks/CoreServices.framework/Versions/A/Frameworks/LaunchServices.framework/Versions/A/LaunchServices
0x00007ff81d587000 	/System/Library/Frameworks/CoreServices.framework/Versions/A/Frameworks/DictionaryServices.framework/Versions/A/DictionaryServices
0x00007ff819842000 	/System/Library/Frameworks/CoreServices.framework/Versions/A/Frameworks/SharedFileList.framework/Versions/A/SharedFileList
0x00007ff81c48a000 	/usr/lib/libCheckFix.dylib
0x00007ff816b71000 	/System/Library/PrivateFrameworks/TCC.framework/Versions/A/TCC
0x00007ff81b7cb000 	/System/Library/PrivateFrameworks/CoreNLP.framework/Versions/A/CoreNLP
0x00007ff818608000 	/System/Library/PrivateFrameworks/MetadataUtilities.framework/Versions/A/MetadataUtilities
0x00007ff812845000 	/usr/lib/libmecabra.dylib
0x00007ff81c4be000 	/usr/lib/libmecab.dylib
0x00007ff812810000 	/usr/lib/libCRFSuite.dylib
0x00007ff81c518000 	/usr/lib/libgermantok.dylib
0x00007ff81d0a7000 	/usr/lib/libThaiTokenizer.dylib
0x00007ff8186fb000 	/System/Library/Frameworks/Accelerate.framework/Versions/A/Frameworks/vImage.framework/Versions/A/vImage
0x00007ff8232a5000 	/System/Library/Frameworks/Accelerate.framework/Versions/A/Frameworks/vecLib.framework/Versions/A/vecLib
0x00007ff81d6a0000 	/System/Library/Frameworks/Accelerate.framework/Versions/A/Frameworks/vecLib.framework/Versions/A/libvMisc.dylib
0x00007ff81bee0000 	/System/Library/Frameworks/Accelerate.framework/Versions/A/Frameworks/vecLib.framework/Versions/A/libvDSP.dylib
0x00007ff81254c000 	/System/Library/Frameworks/Accelerate.framework/Versions/A/Frameworks/vecLib.framework/Versions/A/libBLAS.dylib
0x00007ff81d1dc000 	/System/Library/Frameworks/Accelerate.framework/Versions/A/Frameworks/vecLib.framework/Versions/A/libLAPACK.dylib
0x00007ff81c51b000 	/System/Library/Frameworks/Accelerate.framework/Versions/A/Frameworks/vecLib.framework/Versions/A/libLinearAlgebra.dylib
0x00007ff81d0e4000 	/System/Library/Frameworks/Accelerate.framework/Versions/A/Frameworks/vecLib.framework/Versions/A/libSparseBLAS.dylib
0x00007ff81d1d6000 	/System/Library/Frameworks/Accelerate.framework/Versions/A/Frameworks/vecLib.framework/Versions/A/libQuadrature.dylib
0x00007ff81b8b6000 	/System/Library/Frameworks/Accelerate.framework/Versions/A/Frameworks/vecLib.framework/Versions/A/libBNNS.dylib
0x00007ff81271e000 	/System/Library/Frameworks/Accelerate.framework/Versions/A/Frameworks/vecLib.framework/Versions/A/libSparse.dylib
0x00007ff81b8af000 	/System/Library/PrivateFrameworks/LinguisticData.framework/Versions/A/LinguisticData
0x00007ff8126d4000 	/System/Library/PrivateFrameworks/Lexicon.framework/Versions/A/Lexicon
0x00007ff81d699000 	/usr/lib/libChineseTokenizer.dylib
0x00007ff812e3f000 	/System/Library/PrivateFrameworks/LanguageModeling.framework/Versions/A/LanguageModeling
0x00007ff81d0a9000 	/System/Library/PrivateFrameworks/AppleSauce.framework/Versions/A/AppleSauce
0x00007ff81c0cf000 	/System/Library/PrivateFrameworks/CoreEmoji.framework/Versions/A/CoreEmoji
0x00007ff81cfa9000 	/usr/lib/libcmph.dylib
0x00007ff819819000 	/System/Library/Frameworks/OpenDirectory.framework/Versions/A/Frameworks/CFOpenDirectory.framework/Versions/A/CFOpenDirectory
0x00007ff81980d000 	/System/Library/Frameworks/OpenDirectory.framework/Versions/A/OpenDirectory
0x00007ff81d5f2000 	/System/Library/PrivateFrameworks/APFS.framework/Versions/A/APFS
0x00007ff81c3e5000 	/System/Library/Frameworks/SecurityFoundation.framework/Versions/A/SecurityFoundation
0x00007ff81d66d000 	/usr/lib/libutil.dylib
0x00007ff81452f000 	/System/Library/PrivateFrameworks/CoreServicesStore.framework/Versions/A/CoreServicesStore
0x00007ff81d671000 	/usr/lib/libxslt.1.dylib
0x00007ff81c472000 	/System/Library/PrivateFrameworks/BackgroundTaskManagement.framework/Versions/A/BackgroundTaskManagement
0x00007ff81eb90000 	/System/Library/Frameworks/ImageIO.framework/Versions/A/Resources/libRadiance.dylib
0x00007ff81eb99000 	/System/Library/Frameworks/ImageIO.framework/Versions/A/Resources/libJPEG.dylib
0x00007ff81eaeb000 	/System/Library/Frameworks/ImageIO.framework/Versions/A/Resources/libPng.dylib
0x00007ff81eb0c000 	/System/Library/Frameworks/ImageIO.framework/Versions/A/Resources/libTIFF.dylib
0x00007ff81ebf8000 	/System/Library/Frameworks/ImageIO.framework/Versions/A/Resources/libGIF.dylib
0x00007ff81e428000 	/System/Library/Frameworks/ImageIO.framework/Versions/A/Resources/libJP2.dylib
0x00007ff81db66000 	/usr/lib/libexpat.1.dylib
0x00007ff81e3dd000 	/System/Library/PrivateFrameworks/AppleJPEG.framework/Versions/A/AppleJPEG
0x00007ff81acff000 	/System/Library/PrivateFrameworks/FontServices.framework/libFontParser.dylib
0x00007ff81834b000 	/System/Library/PrivateFrameworks/RunningBoardServices.framework/Versions/A/RunningBoardServices
0x00007ff82955f000 	/System/Library/PrivateFrameworks/IOSurfaceAccelerator.framework/Versions/A/IOSurfaceAccelerator
0x00007ff81e508000 	/System/Library/PrivateFrameworks/WatchdogClient.framework/Versions/A/WatchdogClient
0x00007ff812f2d000 	/System/Library/Frameworks/CoreDisplay.framework/Versions/A/CoreDisplay
0x00007ff81abfd000 	/System/Library/Frameworks/CoreMedia.framework/Versions/A/CoreMedia
0x00007ff81aa91000 	/System/Library/PrivateFrameworks/IOAccelerator.framework/Versions/A/IOAccelerator
0x00007ff819996000 	/System/Library/Frameworks/CoreVideo.framework/Versions/A/CoreVideo
0x00007ff81d0f7000 	/System/Library/Frameworks/MetalPerformanceShaders.framework/Versions/A/MetalPerformanceShaders
0x00007ff81e545000 	/System/Library/Frameworks/VideoToolbox.framework/Versions/A/VideoToolbox
0x00007ff818295000 	/System/Library/PrivateFrameworks/BaseBoard.framework/Versions/A/BaseBoard
0x00007ff81801f000 	/System/Library/PrivateFrameworks/ProtocolBuffer.framework/Versions/A/ProtocolBuffer
0x00007ff81eb89000 	/System/Library/PrivateFrameworks/GPUWrangler.framework/Versions/A/GPUWrangler
0x00007ff81eb6d000 	/System/Library/PrivateFrameworks/IOPresentment.framework/Versions/A/IOPresentment
0x00007ff81eb93000 	/System/Library/PrivateFrameworks/DSExternalDisplay.framework/Versions/A/DSExternalDisplay
0x00007ffa2aa79000 	/System/Library/Frameworks/OpenGL.framework/Versions/A/Libraries/libCoreFSCache.dylib
0x00007ffb17b40000 	/System/Library/PrivateFrameworks/GPUCompiler.framework/Versions/31001/Libraries/libGPUCompilerUtils.dylib
0x00007ff81ebfd000 	/System/Library/PrivateFrameworks/CMCaptureCore.framework/Versions/A/CMCaptureCore
0x00007ff81e10e000 	/System/Library/PrivateFrameworks/AppServerSupport.framework/Versions/A/AppServerSupport
0x00007ff8203cb000 	/System/Library/PrivateFrameworks/perfdata.framework/Versions/A/perfdata
0x00007ff813059000 	/System/Library/PrivateFrameworks/AudioToolboxCore.framework/Versions/A/AudioToolboxCore
0x00007ff81abdb000 	/System/Library/PrivateFrameworks/caulk.framework/Versions/A/caulk
0x00007ff81fcdd000 	/usr/lib/libAudioStatistics.dylib
0x00007ff917737000 	/System/Library/PrivateFrameworks/SystemPolicy.framework/Versions/A/SystemPolicy
0x00007ff81ff38000 	/usr/lib/libSMC.dylib
0x00007ff828e57000 	/System/Library/Frameworks/CoreMIDI.framework/Versions/A/CoreMIDI
0x00007ff81eaba000 	/usr/lib/libAudioToolboxUtility.dylib
0x00007ff913963000 	/System/Library/PrivateFrameworks/OSAServicesClient.framework/Versions/A/OSAServicesClient
0x00007ff8203d8000 	/usr/lib/libperfcheck.dylib
0x00007ff9181e4000 	/usr/lib/libmis.dylib
0x00007ffa2aad4000 	/System/Library/Frameworks/OpenGL.framework/Versions/A/Libraries/libGLU.dylib
0x00007ffa2aa98000 	/System/Library/Frameworks/OpenGL.framework/Versions/A/Libraries/libGFXShared.dylib
0x00007ffa2aca1000 	/System/Library/Frameworks/OpenGL.framework/Versions/A/Libraries/libGL.dylib
0x00007ffa2aaa1000 	/System/Library/Frameworks/OpenGL.framework/Versions/A/Libraries/libGLImage.dylib
0x00007ffa2aa95000 	/System/Library/Frameworks/OpenGL.framework/Versions/A/Libraries/libCVMSPluginSupport.dylib
0x00007ffa2aa80000 	/System/Library/Frameworks/OpenGL.framework/Versions/A/Libraries/libCoreVMClient.dylib
0x00007ff81b747000 	/System/Library/Frameworks/MetalPerformanceShaders.framework/Versions/A/Frameworks/MPSCore.framework/Versions/A/MPSCore
0x00007ff81ca8b000 	/System/Library/Frameworks/MetalPerformanceShaders.framework/Versions/A/Frameworks/MPSImage.framework/Versions/A/MPSImage
0x00007ff81c531000 	/System/Library/Frameworks/MetalPerformanceShaders.framework/Versions/A/Frameworks/MPSNeuralNetwork.framework/Versions/A/MPSNeuralNetwork
0x00007ff81c9a5000 	/System/Library/Frameworks/MetalPerformanceShaders.framework/Versions/A/Frameworks/MPSMatrix.framework/Versions/A/MPSMatrix
0x00007ff81c760000 	/System/Library/Frameworks/MetalPerformanceShaders.framework/Versions/A/Frameworks/MPSRayIntersector.framework/Versions/A/MPSRayIntersector
0x00007ff81c9dd000 	/System/Library/Frameworks/MetalPerformanceShaders.framework/Versions/A/Frameworks/MPSNDArray.framework/Versions/A/MPSNDArray
0x00007ffa30559000 	/System/Library/Frameworks/MetalPerformanceShaders.framework/Versions/A/Frameworks/MPSFunctions.framework/Versions/A/MPSFunctions
0x00007ff812428000 	/System/Library/PrivateFrameworks/MetalTools.framework/Versions/A/MetalTools
0x00007ff81b7c3000 	/System/Library/PrivateFrameworks/AggregateDictionary.framework/Versions/A/AggregateDictionary
0x00007ff81d948000 	/usr/lib/libIOReport.dylib
0x00007ffa2c0b0000 	/System/Library/Frameworks/OpenCL.framework/Versions/A/OpenCL
0x00007ff81dcac000 	/System/Library/PrivateFrameworks/FaceCore.framework/Versions/A/FaceCore
0x00007ff81dc9d000 	/System/Library/PrivateFrameworks/GraphVisualizer.framework/Versions/A/GraphVisualizer
0x00007ffb17a4b000 	/System/Library/PrivateFrameworks/FontServices.framework/Versions/A/FontServices
0x00007ff81e0c6000 	/System/Library/PrivateFrameworks/OTSVG.framework/Versions/A/OTSVG
0x00007ff81957d000 	/System/Library/Frameworks/ApplicationServices.framework/Versions/A/Frameworks/ATS.framework/Versions/A/Resources/libFontRegistry.dylib
0x00007ff81e116000 	/System/Library/PrivateFrameworks/FontServices.framework/libhvf.dylib
0x00007ffb17a4c000 	/System/Library/PrivateFrameworks/FontServices.framework/libXTFontStaticRegistryData.dylib
0x00007ff81db16000 	/System/Library/PrivateFrameworks/AppleVA.framework/Versions/A/AppleVA
0x00007ff81fcfd000 	/System/Library/Frameworks/ApplicationServices.framework/Versions/A/Frameworks/ATS.framework/Versions/A/ATS
0x00007ff817751000 	/System/Library/Frameworks/ApplicationServices.framework/Versions/A/Frameworks/HIServices.framework/Versions/A/HIServices
0x00007ff81ec07000 	/System/Library/Frameworks/ApplicationServices.framework/Versions/A/Frameworks/PrintCore.framework/Versions/A/PrintCore
0x00007ff82008b000 	/System/Library/Frameworks/ApplicationServices.framework/Versions/A/Frameworks/QD.framework/Versions/A/QD
0x00007ff820083000 	/System/Library/Frameworks/ApplicationServices.framework/Versions/A/Frameworks/ColorSyncLegacy.framework/Versions/A/ColorSyncLegacy
0x00007ff81fced000 	/System/Library/Frameworks/ApplicationServices.framework/Versions/A/Frameworks/SpeechSynthesis.framework/Versions/A/SpeechSynthesis
0x00007ff81ebc8000 	/System/Library/Frameworks/ApplicationServices.framework/Versions/A/Frameworks/ATSUI.framework/Versions/A/ATSUI
0x00007ff820018000 	/usr/lib/libcups.2.dylib
0x00007ff8203e7000 	/System/Library/Frameworks/Kerberos.framework/Versions/A/Kerberos
0x00007ff8203f6000 	/System/Library/Frameworks/GSS.framework/Versions/A/GSS
0x00007ff81fd69000 	/usr/lib/libresolv.9.dylib
0x00007ff81e125000 	/System/Library/PrivateFrameworks/Heimdal.framework/Versions/A/Heimdal
0x00007ff826fda000 	/System/Library/Frameworks/Kerberos.framework/Versions/A/Libraries/libHeimdalProxy.dylib
0x00007ff81841f000 	/System/Library/Frameworks/Network.framework/Versions/A/Network
0x00007ff81db80000 	/usr/lib/libheimdal-asn1.dylib
0x00007ff820441000 	/System/Library/PrivateFrameworks/CommonAuth.framework/Versions/A/CommonAuth
0x00007ff81fc6f000 	/System/Library/PrivateFrameworks/AudioSession.framework/Versions/A/AudioSession
0x00007ff81dc10000 	/System/Library/PrivateFrameworks/MediaExperience.framework/Versions/A/MediaExperience
0x00007ff81fb01000 	/System/Library/PrivateFrameworks/AudioSession.framework/libSessionUtility.dylib
0x00007ff820097000 	/System/Library/PrivateFrameworks/AudioResourceArbitration.framework/Versions/A/AudioResourceArbitration
0x00007ff824118000 	/System/Library/PrivateFrameworks/PowerLog.framework/Versions/A/PowerLog
0x00007ff81db89000 	/System/Library/PrivateFrameworks/IconFoundation.framework/Versions/A/IconFoundation
0x00007ff822ece000 	/System/Library/PrivateFrameworks/SpeechRecognitionCore.framework/Versions/A/SpeechRecognitionCore
0x000000010dd91000 	/Users/noephilippe/Library/Java/JavaVirtualMachines/openjdk-17.0.1/Contents/Home/lib/server/libjvm.dylib
0x000000010cd9d000 	/Users/noephilippe/Library/Java/JavaVirtualMachines/openjdk-17.0.1/Contents/Home/lib/libjimage.dylib
0x000000010ce2a000 	/Users/noephilippe/Library/Java/JavaVirtualMachines/openjdk-17.0.1/Contents/Home/lib/libjava.dylib
0x000000012cd04000 	/Users/noephilippe/Library/Java/JavaVirtualMachines/openjdk-17.0.1/Contents/Home/lib/libnio.dylib
0x000000012cd5b000 	/Users/noephilippe/Library/Java/JavaVirtualMachines/openjdk-17.0.1/Contents/Home/lib/libnet.dylib
0x000000012ce15000 	/Users/noephilippe/Library/Java/JavaVirtualMachines/openjdk-17.0.1/Contents/Home/lib/libzip.dylib
0x000000012f530000 	/Users/noephilippe/Documents/Développement/MyDigitalSchool/JAVA/javafx-sdk-19/lib/libprism_es2.dylib
0x00007ff8144f1000 	/System/Library/PrivateFrameworks/CoreServicesInternal.framework/Versions/A/CoreServicesInternal
0x00007ffa2acac000 	/System/Library/Frameworks/OpenGL.framework/Versions/A/Resources/GLEngine.bundle/GLEngine
0x00007ffa2ab12000 	/System/Library/Frameworks/OpenGL.framework/Versions/A/Libraries/libGLProgrammability.dylib
0x000000012fda1000 	/System/Library/Extensions/AppleMetalOpenGLRenderer.bundle/Contents/MacOS/AppleMetalOpenGLRenderer
0x00007ffa2ae36000 	/System/Library/Frameworks/OpenGL.framework/Versions/A/Resources/GLRendererFloat.bundle/GLRendererFloat
0x00007ffa2cc4e000 	/System/Library/Extensions/AGXMetal13_3.bundle/Contents/MacOS/AGXMetal13_3
0x00007ff9181ff000 	/System/Library/PrivateFrameworks/GPURawCounter.framework/Versions/A/GPURawCounter
0x00007ff912b0b000 	/System/Library/PrivateFrameworks/IOGPU.framework/Versions/A/IOGPU
0x00000001300f3000 	/Users/noephilippe/Documents/Développement/MyDigitalSchool/JAVA/javafx-sdk-19/lib/libglass.dylib
0x00007ff824709000 	/System/Library/Frameworks/FileProvider.framework/Versions/A/FileProvider
0x00007ff818202000 	/System/Library/Frameworks/Accounts.framework/Versions/A/Accounts
0x00007ff824882000 	/System/Library/PrivateFrameworks/GenerationalStorage.framework/Versions/A/GenerationalStorage
0x00007ff825392000 	/System/Library/PrivateFrameworks/CoreSymbolication.framework/Versions/A/CoreSymbolication
0x00007ff82410d000 	/System/Library/PrivateFrameworks/SymptomDiagnosticReporter.framework/Versions/A/SymptomDiagnosticReporter
0x00007ff8157b2000 	/System/Library/PrivateFrameworks/DesktopServicesPriv.framework/Versions/A/DesktopServicesPriv
0x00007ff814630000 	/usr/lib/libsandbox.1.dylib
0x00007ff819a15000 	/System/Library/PrivateFrameworks/UserManagement.framework/Versions/A/UserManagement
0x00007ff825357000 	/System/Library/PrivateFrameworks/DebugSymbols.framework/Versions/A/DebugSymbols
0x00007ff820078000 	/System/Library/PrivateFrameworks/NetAuth.framework/Versions/A/NetAuth
0x00007ff820f87000 	/System/Library/PrivateFrameworks/Sharing.framework/Versions/A/Sharing
0x00007ff8199e8000 	/System/Library/PrivateFrameworks/login.framework/Versions/A/Frameworks/loginsupport.framework/Versions/A/loginsupport
0x00007ff8264f5000 	/System/Library/PrivateFrameworks/Apple80211.framework/Versions/A/Apple80211
0x00007ff81cb70000 	/System/Library/PrivateFrameworks/AuthKit.framework/Versions/A/AuthKit
0x00007ff81c1c5000 	/System/Library/PrivateFrameworks/CoreUtils.framework/Versions/A/CoreUtils
0x00007ff81c0ec000 	/System/Library/Frameworks/CoreWLAN.framework/Versions/A/CoreWLAN
0x00007ff8210e6000 	/System/Library/Frameworks/IOBluetooth.framework/Versions/A/IOBluetooth
0x00007ff82655d000 	/System/Library/PrivateFrameworks/CoreWiFi.framework/Versions/A/CoreWiFi
0x00007ff824f2c000 	/System/Library/PrivateFrameworks/FrontBoardServices.framework/Versions/A/FrontBoardServices
0x00007ff824fbd000 	/System/Library/PrivateFrameworks/BoardServices.framework/Versions/A/BoardServices
0x00007ff81c3d4000 	/System/Library/PrivateFrameworks/AssertionServices.framework/Versions/A/AssertionServices
0x00007ff8266e0000 	/System/Library/PrivateFrameworks/BackBoardServices.framework/Versions/A/BackBoardServices
0x00007ff8204d2000 	/System/Library/PrivateFrameworks/CorePhoneNumbers.framework/Versions/A/CorePhoneNumbers
0x00007ff81fd96000 	/System/Library/PrivateFrameworks/MultiverseSupport.framework/Versions/A/MultiverseSupport
0x00007ff826953000 	/System/Library/PrivateFrameworks/RemoteServiceDiscovery.framework/Versions/A/RemoteServiceDiscovery
0x00007ff82422a000 	/System/Library/PrivateFrameworks/DiskManagement.framework/Versions/A/DiskManagement
0x00007ff82413e000 	/System/Library/PrivateFrameworks/AppleIDAuthSupport.framework/Versions/A/AppleIDAuthSupport
0x00007ffb123c6000 	/System/Library/PrivateFrameworks/AAAFoundation.framework/Versions/A/AAAFoundation
0x00007ff8204b3000 	/System/Library/PrivateFrameworks/KeychainCircle.framework/Versions/A/KeychainCircle
0x00007ff826963000 	/System/Library/PrivateFrameworks/RemoteXPC.framework/Versions/A/RemoteXPC
0x00007ff8241f6000 	/System/Library/PrivateFrameworks/MediaKit.framework/Versions/A/MediaKit
0x00007ff82414a000 	/System/Library/Frameworks/DiscRecording.framework/Versions/A/DiscRecording
0x00007ff81da8e000 	/usr/lib/libCoreStorage.dylib
0x00007ff8269ce000 	/usr/lib/libcsfde.dylib
0x00007ff8211b3000 	/System/Library/PrivateFrameworks/ProtectedCloudStorage.framework/Versions/A/ProtectedCloudStorage
0x00007ff8269ca000 	/System/Library/PrivateFrameworks/EFILogin.framework/Versions/A/EFILogin
0x00007ff8248a8000 	/System/Library/PrivateFrameworks/OctagonTrust.framework/Versions/A/OctagonTrust
0x00007ffb16cae000 	/System/Library/PrivateFrameworks/CoreUtilsExtras.framework/Versions/A/CoreUtilsExtras
0x00007ff824071000 	/System/Library/Frameworks/CoreBluetooth.framework/Versions/A/CoreBluetooth
0x00007ff82705f000 	/System/Library/Frameworks/AudioUnit.framework/Versions/A/AudioUnit
0x00007ff81da86000 	/usr/lib/libMatch.1.dylib
0x00007ff91c808000 	/System/Library/Frameworks/Accelerate.framework/Versions/A/Frameworks/vImage.framework/Versions/A/Libraries/libCGInterfaces.dylib
0x000000013161e000 	/usr/lib/libobjc-trampolines.dylib
0x00007ff81970d000 	/System/Library/PrivateFrameworks/ViewBridge.framework/Versions/A/ViewBridge
0x00007ff81e1dc000 	/System/Library/PrivateFrameworks/login.framework/Versions/A/login
0x00007ffb2a52e000 	/usr/lib/libRosetta.dylib
0x0000000132dd1000 	/Users/noephilippe/Documents/Développement/MyDigitalSchool/JAVA/javafx-sdk-19/lib/libjavafx_font.dylib
0x00007ff8235ea000 	/System/Library/PrivateFrameworks/SystemAdministration.framework/Versions/A/SystemAdministration
0x00007ff81ee31000 	/System/Library/Frameworks/MediaToolbox.framework/Versions/A/MediaToolbox
0x00007ff822e9a000 	/System/Library/Frameworks/DirectoryService.framework/Versions/A/DirectoryService
0x00007ff82686c000 	/System/Library/PrivateFrameworks/DiskImages.framework/Versions/A/DiskImages
0x00007ff81c47c000 	/System/Library/Frameworks/ServiceManagement.framework/Versions/A/ServiceManagement
0x00007ff826a48000 	/System/Library/PrivateFrameworks/LoginUIKit.framework/Versions/A/Frameworks/LoginUICore.framework/Versions/A/LoginUICore
0x00007ff81e385000 	/usr/lib/libodfde.dylib
0x00007ff8246d9000 	/System/Library/PrivateFrameworks/CoreAVCHD.framework/Versions/A/CoreAVCHD
0x00007ff8235ae000 	/System/Library/Frameworks/MediaAccessibility.framework/Versions/A/MediaAccessibility
0x00007ff8246d5000 	/System/Library/PrivateFrameworks/Mangrove.framework/Versions/A/Mangrove
0x00007ff8235b9000 	/System/Library/PrivateFrameworks/AlgosScoreFramework.framework/Versions/A/AlgosScoreFramework
0x00007ffb13fa2000 	/System/Library/PrivateFrameworks/CMPhoto.framework/Versions/A/CMPhoto
0x00007ff82522d000 	/System/Library/PrivateFrameworks/AppleVPA.framework/Versions/A/AppleVPA
0x00007ff82431a000 	/System/Library/PrivateFrameworks/CoreAUC.framework/Versions/A/CoreAUC
0x00007ff8269da000 	/usr/lib/libcurl.4.dylib
0x00007ffb2a99a000 	/usr/lib/libcrypto.46.dylib
0x00007ffb2ae8f000 	/usr/lib/libssl.48.dylib
0x00007ff8266fe000 	/System/Library/Frameworks/LDAP.framework/Versions/A/LDAP
0x00007ff826736000 	/System/Library/PrivateFrameworks/TrustEvaluationAgent.framework/Versions/A/TrustEvaluationAgent
0x00007ff81fd82000 	/usr/lib/libsasl2.2.dylib
0x00007ff8235de000 	/System/Library/PrivateFrameworks/CoreDaemon.framework/Versions/B/CoreDaemon
0x00007ff8235d9000 	/System/Library/PrivateFrameworks/AppleSRP.framework/Versions/A/AppleSRP
0x000000013834b000 	/Users/noephilippe/Library/Java/JavaVirtualMachines/openjdk-17.0.1/Contents/Home/lib/libawt.dylib
0x00000001384d7000 	/Users/noephilippe/Library/Java/JavaVirtualMachines/openjdk-17.0.1/Contents/Home/lib/libmlib_image.dylib
0x00007ffa304c2000 	/System/Library/Frameworks/JavaRuntimeSupport.framework/Versions/A/JavaRuntimeSupport
0x00007ff91725b000 	/System/Library/Frameworks/Carbon.framework/Versions/A/Carbon
0x00007ff82a8f6000 	/System/Library/Frameworks/Carbon.framework/Versions/A/Frameworks/CommonPanels.framework/Versions/A/CommonPanels
0x00007ff8269c6000 	/System/Library/Frameworks/Carbon.framework/Versions/A/Frameworks/Help.framework/Versions/A/Help
0x00007ff82a8fa000 	/System/Library/Frameworks/Carbon.framework/Versions/A/Frameworks/ImageCapture.framework/Versions/A/ImageCapture
0x00007ff82a8ca000 	/System/Library/Frameworks/Carbon.framework/Versions/A/Frameworks/OpenScripting.framework/Versions/A/OpenScripting
0x00007ff82a8f2000 	/System/Library/Frameworks/Carbon.framework/Versions/A/Frameworks/Ink.framework/Versions/A/Ink
0x00007ff917257000 	/System/Library/Frameworks/Carbon.framework/Versions/A/Frameworks/Print.framework/Versions/A/Print
0x00007ff82a8ee000 	/System/Library/Frameworks/Carbon.framework/Versions/A/Frameworks/SecurityHI.framework/Versions/A/SecurityHI
0x0000000138739000 	/Users/noephilippe/Library/Java/JavaVirtualMachines/openjdk-17.0.1/Contents/Home/lib/libawt_lwawt.dylib
0x00000001382d5000 	/Users/noephilippe/Library/Java/JavaVirtualMachines/openjdk-17.0.1/Contents/Home/lib/libosxapp.dylib
0x00007ff916525000 	/System/Library/Frameworks/ExceptionHandling.framework/Versions/A/ExceptionHandling
0x0000000138b5b000 	/Users/noephilippe/Library/Java/JavaVirtualMachines/openjdk-17.0.1/Contents/Home/lib/libfontmanager.dylib
0x00000001389cd000 	/Users/noephilippe/Library/Java/JavaVirtualMachines/openjdk-17.0.1/Contents/Home/lib/libfreetype.dylib


VM Arguments:
jvm_args: --module-path=/Users/noephilippe/Documents/Développement/MyDigitalSchool/JAVA/javafx-sdk-19/lib --add-modules=javafx.controls,javafx.fxml -Dfile.encoding=UTF-8 -XX:+ShowCodeDetailsInExceptionMessages 
java_command: application.Main
java_class_path (initial): /Users/noephilippe/eclipse-workspace/MemoryFx/bin:/Users/noephilippe/Documents/Développement/MyDigitalSchool/JAVA/javafx-sdk-19/lib/javafx-swt.jar:/Users/noephilippe/Documents/Développement/MyDigitalSchool/JAVA/javafx-sdk-19/lib/javafx.base.jar:/Users/noephilippe/Documents/Développement/MyDigitalSchool/JAVA/javafx-sdk-19/lib/javafx.controls.jar:/Users/noephilippe/Documents/Développement/MyDigitalSchool/JAVA/javafx-sdk-19/lib/javafx.fxml.jar:/Users/noephilippe/Documents/Développement/MyDigitalSchool/JAVA/javafx-sdk-19/lib/javafx.graphics.jar:/Users/noephilippe/Documents/Développement/MyDigitalSchool/JAVA/javafx-sdk-19/lib/javafx.media.jar:/Users/noephilippe/Documents/Développement/MyDigitalSchool/JAVA/javafx-sdk-19/lib/javafx.swing.jar:/Users/noephilippe/Documents/Développement/MyDigitalSchool/JAVA/javafx-sdk-19/lib/javafx.web.jar
Launcher Type: SUN_STANDARD

[Global flags]
     intx CICompilerCount                          = 4                                         {product} {ergonomic}
     uint ConcGCThreads                            = 2                                         {product} {ergonomic}
     uint G1ConcRefinementThreads                  = 8                                         {product} {ergonomic}
   size_t G1HeapRegionSize                         = 1048576                                   {product} {ergonomic}
    uintx GCDrainStackTargetSize                   = 64                                        {product} {ergonomic}
   size_t InitialHeapSize                          = 134217728                                 {product} {ergonomic}
   size_t MarkStackSize                            = 4194304                                   {product} {ergonomic}
   size_t MaxHeapSize                              = 2147483648                                {product} {ergonomic}
   size_t MaxNewSize                               = 1287651328                                {product} {ergonomic}
   size_t MinHeapDeltaBytes                        = 1048576                                   {product} {ergonomic}
   size_t MinHeapSize                              = 8388608                                   {product} {ergonomic}
    uintx NonNMethodCodeHeapSize                   = 5839372                                {pd product} {ergonomic}
    uintx NonProfiledCodeHeapSize                  = 122909434                              {pd product} {ergonomic}
    uintx ProfiledCodeHeapSize                     = 122909434                              {pd product} {ergonomic}
    uintx ReservedCodeCacheSize                    = 251658240                              {pd product} {ergonomic}
     bool SegmentedCodeCache                       = true                                      {product} {ergonomic}
     bool ShowCodeDetailsInExceptionMessages       = true                                   {manageable} {command line}
   size_t SoftMaxHeapSize                          = 2147483648                             {manageable} {ergonomic}
     bool UseCompressedClassPointers               = true                           {product lp64_product} {ergonomic}
     bool UseCompressedOops                        = true                           {product lp64_product} {ergonomic}
     bool UseG1GC                                  = true                                      {product} {ergonomic}
     bool UseNUMA                                  = false                                     {product} {ergonomic}
     bool UseNUMAInterleaving                      = false                                     {product} {ergonomic}

Logging:
Log output configuration:
 #0: stdout all=warning uptime,level,tags
 #1: stderr all=off uptime,level,tags

Environment Variables:
PATH=/usr/bin:/bin:/usr/sbin:/sbin
SHELL=/bin/zsh

Signal Handlers:
   SIGSEGV: _ZL13crash_handleriP9__siginfoPv in libjvm.dylib, mask=11100110100111111111111111111111, flags=SA_RESTART|SA_SIGINFO
    SIGBUS: _ZL13crash_handleriP9__siginfoPv in libjvm.dylib, mask=11100110100111111111111111111111, flags=SA_RESTART|SA_SIGINFO
    SIGFPE: _ZL13crash_handleriP9__siginfoPv in libjvm.dylib, mask=11100110100111111111111111111111, flags=SA_RESTART|SA_SIGINFO
   SIGPIPE: _ZL17javaSignalHandleriP9__siginfoPv in libjvm.dylib, mask=11100110100111111111111111111111, flags=SA_RESTART|SA_SIGINFO
   SIGXFSZ: _ZL17javaSignalHandleriP9__siginfoPv in libjvm.dylib, mask=11100110100111111111111111111111, flags=SA_RESTART|SA_SIGINFO
    SIGILL: _ZL13crash_handleriP9__siginfoPv in libjvm.dylib, mask=11100110100111111111111111111111, flags=SA_RESTART|SA_SIGINFO
   SIGUSR2: _ZL10SR_handleriP9__siginfoP17__darwin_ucontext in libjvm.dylib, mask=00100000000000000000000000000000, flags=SA_RESTART|SA_SIGINFO
    SIGHUP: _ZL11UserHandleriPvS_ in libjvm.dylib, mask=11100110100111111111111111111111, flags=SA_RESTART|SA_SIGINFO
    SIGINT: _ZL11UserHandleriPvS_ in libjvm.dylib, mask=11100110100111111111111111111111, flags=SA_RESTART|SA_SIGINFO
   SIGTERM: _ZL11UserHandleriPvS_ in libjvm.dylib, mask=11100110100111111111111111111111, flags=SA_RESTART|SA_SIGINFO
   SIGQUIT: _ZL11UserHandleriPvS_ in libjvm.dylib, mask=11100110100111111111111111111111, flags=SA_RESTART|SA_SIGINFO
   SIGTRAP: _ZL13crash_handleriP9__siginfoPv in libjvm.dylib, mask=11100110100111111111111111111111, flags=SA_RESTART|SA_SIGINFO


---------------  S Y S T E M  ---------------

OS:
uname: Darwin 21.6.0 Darwin Kernel Version 21.6.0: Sat Jun 18 17:05:47 PDT 2022; root:xnu-8020.140.41~1/RELEASE_ARM64_T8101 x86_64
OS uptime: 15 days 15:10 hours
rlimit (soft/hard): STACK 8176k/65520k , CORE 0k/infinity , NPROC 1333/2000 , NOFILE 10240/infinity , AS infinity/infinity , CPU infinity/infinity , DATA infinity/infinity , FSIZE infinity/infinity , MEMLOCK infinity/infinity , RSS infinity/infinity
load average: 3.19 2.15 1.94

CPU: (EMULATED) total 8 (initial active 8) (1 cores per cpu, 1 threads per core) family 6 model 44 stepping 0 microcode 0x0, cx8, cmov, fxsr, mmx, sse, sse2, sse3, ssse3, sse4.1, sse4.2, popcnt, tsc, tscinvbit, aes, clmul, clflush

Memory: 4k page, physical 8388608k(40616k free), swap 2097152k(1161984k free)

vm_info: OpenJDK 64-Bit Server VM (17.0.1+12-39) for bsd-amd64 JRE (17.0.1+12-39), built on Sep 27 2021 17:37:19 by "mach5one" with clang Apple LLVM 12.0.0 (clang-1200.0.32.29)

END.
